This is XeTeX, Version 3.141592653-2.6-0.999995 (MiKTeX 24.1) (preloaded format=xelatex 2025.10.25)  5 DEC 2025 17:07
entering extended mode
 restricted \write18 enabled.
 %&-line parsing enabled.
**./ProposalTA.tex
(ProposalTA.tex
LaTeX2e <2023-11-01> patch level 1
L3 programming layer <2024-01-04>
(C:\Users\kasyf\AppData\Local\Programs\MiKTeX\tex/latex/base\book.cls
Document Class: book 2023/05/17 v1.4n Standard LaTeX document class
(C:\Users\kasyf\AppData\Local\Programs\MiKTeX\tex/latex/base\bk12.clo
File: bk12.clo 2023/05/17 v1.4n Standard LaTeX file (size option)
)
\c@part=\count183
\c@chapter=\count184
\c@section=\count185
\c@subsection=\count186
\c@subsubsection=\count187
\c@paragraph=\count188
\c@subparagraph=\count189
\c@figure=\count190
\c@table=\count191
\abovecaptionskip=\skip48
\belowcaptionskip=\skip49
\bibindent=\dimen140
)
(C:\Users\kasyf\AppData\Local\Programs\MiKTeX\tex/latex/base\inputenc.sty
Package: inputenc 2021/02/14 v1.3d Input encoding file
\inpenc@prehook=\toks17
\inpenc@posthook=\toks18


Package inputenc Warning: inputenc package ignored with utf8 based engines.

) (C:\Users\kasyf\AppData\Local\Programs\MiKTeX\tex/latex/fontspec\fontspec.sty

(C:\Users\kasyf\AppData\Local\Programs\MiKTeX\tex/latex/l3packages/xparse\xpars
e.sty
(C:\Users\kasyf\AppData\Local\Programs\MiKTeX\tex/latex/l3kernel\expl3.sty
Package: expl3 2024-01-04 L3 programming layer (loader) 

(C:\Users\kasyf\AppData\Local\Programs\MiKTeX\tex/latex/l3backend\l3backend-xet
ex.def
File: l3backend-xetex.def 2024-01-04 L3 backend support: XeTeX
\g__graphics_track_int=\count192
\l__pdf_internal_box=\box51
\g__pdf_backend_object_int=\count193
\g__pdf_backend_annotation_int=\count194
\g__pdf_backend_link_int=\count195
))
Package: xparse 2023-10-10 L3 Experimental document command parser
)
Package: fontspec 2022/01/15 v2.8a Font selection for XeLaTeX and LuaLaTeX

(C:\Users\kasyf\AppData\Local\Programs\MiKTeX\tex/latex/fontspec\fontspec-xetex
.sty
Package: fontspec-xetex 2022/01/15 v2.8a Font selection for XeLaTeX and LuaLaTe
X
\l__fontspec_script_int=\count196
\l__fontspec_language_int=\count197
\l__fontspec_strnum_int=\count198
\l__fontspec_tmp_int=\count199
\l__fontspec_tmpa_int=\count266
\l__fontspec_tmpb_int=\count267
\l__fontspec_tmpc_int=\count268
\l__fontspec_em_int=\count269
\l__fontspec_emdef_int=\count270
\l__fontspec_strong_int=\count271
\l__fontspec_strongdef_int=\count272
\l__fontspec_tmpa_dim=\dimen141
\l__fontspec_tmpb_dim=\dimen142
\l__fontspec_tmpc_dim=\dimen143
 (C:\Users\kasyf\AppData\Local\Programs\MiKTeX\tex/latex/base\fontenc.sty
Package: fontenc 2021/04/29 v2.0v Standard LaTeX package
)
(C:\Users\kasyf\AppData\Local\Programs\MiKTeX\tex/latex/fontspec\fontspec.cfg))
)

Package fontspec Info: Font family 'TimesNewRoman(0)' created for font 'Times
(fontspec)             New Roman' with options [Ligatures=TeX].
(fontspec)              
(fontspec)              This font family consists of the following NFSS
(fontspec)             series/shapes:
(fontspec)              
(fontspec)             - 'normal' (m/n) with NFSS spec.: <->"Times New
(fontspec)             Roman/OT:script=latn;language=dflt;mapping=tex-text;"
(fontspec)             - 'small caps'  (m/sc) with NFSS spec.: <->"Times New
(fontspec)             Roman/OT:script=latn;language=dflt;+smcp;mapping=tex-tex
t;"
(fontspec)             - 'bold' (b/n) with NFSS spec.: <->"Times New
(fontspec)             Roman/B/OT:script=latn;language=dflt;mapping=tex-text;"
(fontspec)             - 'bold small caps'  (b/sc) with NFSS spec.: <->"Times
(fontspec)             New
(fontspec)             Roman/B/OT:script=latn;language=dflt;+smcp;mapping=tex-t
ext;"
(fontspec)             - 'italic' (m/it) with NFSS spec.: <->"Times New
(fontspec)             Roman/I/OT:script=latn;language=dflt;mapping=tex-text;"
(fontspec)             - 'italic small caps'  (m/scit) with NFSS spec.:
(fontspec)             <->"Times New
(fontspec)             Roman/I/OT:script=latn;language=dflt;+smcp;mapping=tex-t
ext;"
(fontspec)             - 'bold italic' (b/it) with NFSS spec.: <->"Times New
(fontspec)             Roman/BI/OT:script=latn;language=dflt;mapping=tex-text;"

(fontspec)             - 'bold italic small caps'  (b/scit) with NFSS spec.:
(fontspec)             <->"Times New
(fontspec)             Roman/BI/OT:script=latn;language=dflt;+smcp;mapping=tex-
text;"

 (C:\Users\kasyf\AppData\Local\Programs\MiKTeX\tex/latex/geometry\geometry.sty
Package: geometry 2020/01/02 v5.9 Page Geometry
(C:\Users\kasyf\AppData\Local\Programs\MiKTeX\tex/latex/graphics\keyval.sty
Package: keyval 2022/05/29 v1.15 key=value parser (DPC)
\KV@toks@=\toks19
)
(C:\Users\kasyf\AppData\Local\Programs\MiKTeX\tex/generic/iftex\ifvtex.sty
Package: ifvtex 2019/10/25 v1.7 ifvtex legacy package. Use iftex instead.

(C:\Users\kasyf\AppData\Local\Programs\MiKTeX\tex/generic/iftex\iftex.sty
Package: iftex 2022/02/03 v1.0f TeX engine tests
))
\Gm@cnth=\count273
\Gm@cntv=\count274
\c@Gm@tempcnt=\count275
\Gm@bindingoffset=\dimen144
\Gm@wd@mp=\dimen145
\Gm@odd@mp=\dimen146
\Gm@even@mp=\dimen147
\Gm@layoutwidth=\dimen148
\Gm@layoutheight=\dimen149
\Gm@layouthoffset=\dimen150
\Gm@layoutvoffset=\dimen151
\Gm@dimlist=\toks20

(C:\Users\kasyf\AppData\Local\Programs\MiKTeX\tex/latex/geometry\geometry.cfg))
(C:\Users\kasyf\AppData\Local\Programs\MiKTeX\tex/generic/babel\babel.sty
Package: babel 2024/01/07 v24.1 The Babel package
\babel@savecnt=\count276
\U@D=\dimen152
\l@unhyphenated=\language79

(C:\Users\kasyf\AppData\Local\Programs\MiKTeX\tex/generic/babel\xebabel.def)
\bbl@readstream=\read2
\bbl@dirlevel=\count277

*************************************
* Local config file bblopts.cfg used
*
(C:\Users\kasyf\AppData\Local\Programs\MiKTeX\tex/latex/arabi\bblopts.cfg
File: bblopts.cfg 2005/09/08 v0.1 add Arabic and Farsi to "declared" options of
 babel
)
(C:\Users\kasyf\AppData\Local\Programs\MiKTeX\tex/latex/babel-indonesian\indone
sian.ldf
Language: indonesian 2025/06/01 v1.0n Bahasa Indonesia support from the babel s
ystem
))
(C:\Users\kasyf\AppData\Local\Programs\MiKTeX\tex/generic/babel/locale/id\babel
-indonesian.tex
Package babel Info: Importing font and identification data for indonesian
(babel)             from babel-id.ini. Reported on input line 11.
)
(C:\Users\kasyf\AppData\Local\Programs\MiKTeX\tex/latex/csquotes\csquotes.sty
Package: csquotes 2024-04-04 v5.2o context-sensitive quotations (JAW)

(C:\Users\kasyf\AppData\Local\Programs\MiKTeX\tex/latex/etoolbox\etoolbox.sty
Package: etoolbox 2020/10/05 v2.5k e-TeX tools for LaTeX (JAW)
\etb@tempcnta=\count278
)
\csq@reset=\count279
\csq@gtype=\count280
\csq@glevel=\count281
\csq@qlevel=\count282
\csq@maxlvl=\count283
\csq@tshold=\count284
\csq@ltx@everypar=\toks21

(C:\Users\kasyf\AppData\Local\Programs\MiKTeX\tex/latex/csquotes\csquotes.def
File: csquotes.def 2024-04-04 v5.2o csquotes generic definitions (JAW)
)
Package csquotes Info: Trying to load configuration file 'csquotes.cfg'...
Package csquotes Info: ... configuration file loaded successfully.

(C:\Users\kasyf\AppData\Local\Programs\MiKTeX\tex/latex/csquotes\csquotes.cfg
File: csquotes.cfg 
)) (C:\Users\kasyf\AppData\Local\Programs\MiKTeX\tex/latex/setspace\setspace.st
y
Package: setspace 2022/12/04 v6.7b set line spacing
) (C:\Users\kasyf\AppData\Local\Programs\MiKTeX\tex/latex/graphics\graphicx.sty
Package: graphicx 2021/09/16 v1.2d Enhanced LaTeX Graphics (DPC,SPQR)

(C:\Users\kasyf\AppData\Local\Programs\MiKTeX\tex/latex/graphics\graphics.sty
Package: graphics 2022/03/10 v1.4e Standard LaTeX Graphics (DPC,SPQR)

(C:\Users\kasyf\AppData\Local\Programs\MiKTeX\tex/latex/graphics\trig.sty
Package: trig 2021/08/11 v1.11 sin cos tan (DPC)
)
(C:\Users\kasyf\AppData\Local\Programs\MiKTeX\tex/latex/graphics-cfg\graphics.c
fg
File: graphics.cfg 2016/06/04 v1.11 sample graphics configuration
)
Package graphics Info: Driver file: xetex.def on input line 107.

(C:\Users\kasyf\AppData\Local\Programs\MiKTeX\tex/latex/graphics-def\xetex.def
File: xetex.def 2022/09/22 v5.0n Graphics/color driver for xetex
))
\Gin@req@height=\dimen153
\Gin@req@width=\dimen154
) (C:\Users\kasyf\AppData\Local\Programs\MiKTeX\tex/latex/caption\caption.sty
Package: caption 2023/08/05 v3.6o Customizing captions (AR)

(C:\Users\kasyf\AppData\Local\Programs\MiKTeX\tex/latex/caption\caption3.sty
Package: caption3 2023/07/31 v2.4d caption3 kernel (AR)
\caption@tempdima=\dimen155
\captionmargin=\dimen156
\caption@leftmargin=\dimen157
\caption@rightmargin=\dimen158
\caption@width=\dimen159
\caption@indent=\dimen160
\caption@parindent=\dimen161
\caption@hangindent=\dimen162
Package caption Info: Standard document class detected.
)
\c@caption@flags=\count285
\c@continuedfloat=\count286
)
(C:\Users\kasyf\AppData\Local\Programs\MiKTeX\tex/latex/caption\subcaption.sty
Package: subcaption 2023/07/28 v1.6b Sub-captions (AR)
Package caption Info: New subtype `subfigure' on input line 238.
\c@subfigure=\count287
Package caption Info: New subtype `subtable' on input line 238.
\c@subtable=\count288
) (C:\Users\kasyf\AppData\Local\Programs\MiKTeX\tex/latex/hyperref\hyperref.sty
Package: hyperref 2023-11-26 v7.01g Hypertext links for LaTeX

(C:\Users\kasyf\AppData\Local\Programs\MiKTeX\tex/generic/infwarerr\infwarerr.s
ty
Package: infwarerr 2019/12/03 v1.5 Providing info/warning/error messages (HO)
)
(C:\Users\kasyf\AppData\Local\Programs\MiKTeX\tex/latex/kvsetkeys\kvsetkeys.sty
Package: kvsetkeys 2022-10-05 v1.19 Key value parser (HO)
)
(C:\Users\kasyf\AppData\Local\Programs\MiKTeX\tex/generic/kvdefinekeys\kvdefine
keys.sty
Package: kvdefinekeys 2019-12-19 v1.6 Define keys (HO)
)
(C:\Users\kasyf\AppData\Local\Programs\MiKTeX\tex/generic/pdfescape\pdfescape.s
ty
Package: pdfescape 2019/12/09 v1.15 Implements pdfTeX's escape features (HO)

(C:\Users\kasyf\AppData\Local\Programs\MiKTeX\tex/generic/ltxcmds\ltxcmds.sty
Package: ltxcmds 2023-12-04 v1.26 LaTeX kernel commands for general use (HO)
)
(C:\Users\kasyf\AppData\Local\Programs\MiKTeX\tex/generic/pdftexcmds\pdftexcmds
.sty
Package: pdftexcmds 2020-06-27 v0.33 Utility functions of pdfTeX for LuaTeX (HO
)
Package pdftexcmds Info: \pdf@primitive is available.
Package pdftexcmds Info: \pdf@ifprimitive is available.
Package pdftexcmds Info: \pdfdraftmode not found.
))
(C:\Users\kasyf\AppData\Local\Programs\MiKTeX\tex/latex/hycolor\hycolor.sty
Package: hycolor 2020-01-27 v1.10 Color options for hyperref/bookmark (HO)
)
(C:\Users\kasyf\AppData\Local\Programs\MiKTeX\tex/latex/letltxmacro\letltxmacro
.sty
Package: letltxmacro 2019/12/03 v1.6 Let assignment for LaTeX macros (HO)
)
(C:\Users\kasyf\AppData\Local\Programs\MiKTeX\tex/latex/auxhook\auxhook.sty
Package: auxhook 2019-12-17 v1.6 Hooks for auxiliary files (HO)
)
(C:\Users\kasyf\AppData\Local\Programs\MiKTeX\tex/latex/hyperref\nameref.sty
Package: nameref 2023-11-26 v2.56 Cross-referencing by name of section

(C:\Users\kasyf\AppData\Local\Programs\MiKTeX\tex/latex/refcount\refcount.sty
Package: refcount 2019/12/15 v3.6 Data extraction from label references (HO)
)
(C:\Users\kasyf\AppData\Local\Programs\MiKTeX\tex/generic/gettitlestring\gettit
lestring.sty
Package: gettitlestring 2019/12/15 v1.6 Cleanup title references (HO)

(C:\Users\kasyf\AppData\Local\Programs\MiKTeX\tex/latex/kvoptions\kvoptions.sty
Package: kvoptions 2022-06-15 v3.15 Key value format for package options (HO)
))
\c@section@level=\count289
)
\@linkdim=\dimen163
\Hy@linkcounter=\count290
\Hy@pagecounter=\count291
 (C:\Users\kasyf\AppData\Local\Programs\MiKTeX\tex/latex/hyperref\pd1enc.def
File: pd1enc.def 2023-11-26 v7.01g Hyperref: PDFDocEncoding definition (HO)
) (C:\Users\kasyf\AppData\Local\Programs\MiKTeX\tex/generic/intcalc\intcalc.sty
Package: intcalc 2019/12/15 v1.3 Expandable calculations with integers (HO)
)
\Hy@SavedSpaceFactor=\count292
 (C:\Users\kasyf\AppData\Local\Programs\MiKTeX\tex/latex/hyperref\puenc.def
File: puenc.def 2023-11-26 v7.01g Hyperref: PDF Unicode definition (HO)
)
Package hyperref Info: Hyper figures OFF on input line 4181.
Package hyperref Info: Link nesting OFF on input line 4186.
Package hyperref Info: Hyper index ON on input line 4189.
Package hyperref Info: Plain pages OFF on input line 4196.
Package hyperref Info: Backreferencing OFF on input line 4201.
Package hyperref Info: Implicit mode ON; LaTeX internals redefined.
Package hyperref Info: Bookmarks ON on input line 4448.
\c@Hy@tempcnt=\count293

(C:\Users\kasyf\AppData\Local\Programs\MiKTeX\tex/latex/url\url.sty
\Urlmuskip=\muskip16
Package: url 2013/09/16  ver 3.4  Verb mode for urls, etc.
)
LaTeX Info: Redefining \url on input line 4786.
\XeTeXLinkMargin=\dimen164

(C:\Users\kasyf\AppData\Local\Programs\MiKTeX\tex/generic/bitset\bitset.sty
Package: bitset 2019/12/09 v1.3 Handle bit-vector datatype (HO)

(C:\Users\kasyf\AppData\Local\Programs\MiKTeX\tex/generic/bigintcalc\bigintcalc
.sty
Package: bigintcalc 2019/12/15 v1.5 Expandable calculations on big integers (HO
)
))
\Fld@menulength=\count294
\Field@Width=\dimen165
\Fld@charsize=\dimen166
Package hyperref Info: Hyper figures OFF on input line 6065.
Package hyperref Info: Link nesting OFF on input line 6070.
Package hyperref Info: Hyper index ON on input line 6073.
Package hyperref Info: backreferencing OFF on input line 6080.
Package hyperref Info: Link coloring OFF on input line 6085.
Package hyperref Info: Link coloring with OCG OFF on input line 6090.
Package hyperref Info: PDF/A mode OFF on input line 6095.

(C:\Users\kasyf\AppData\Local\Programs\MiKTeX\tex/latex/base\atbegshi-ltx.sty
Package: atbegshi-ltx 2021/01/10 v1.0c Emulation of the original atbegshi
package with kernel methods
)
\Hy@abspage=\count295
\c@Item=\count296
\c@Hfootnote=\count297
)
Package hyperref Info: Driver (autodetected): hxetex.
(C:\Users\kasyf\AppData\Local\Programs\MiKTeX\tex/latex/hyperref\hxetex.def
File: hxetex.def 2023-11-26 v7.01g Hyperref driver for XeTeX

(C:\Users\kasyf\AppData\Local\Programs\MiKTeX\tex/generic/stringenc\stringenc.s
ty
Package: stringenc 2019/11/29 v1.12 Convert strings between diff. encodings (HO
)
)
\pdfm@box=\box52
\c@Hy@AnnotLevel=\count298
\HyField@AnnotCount=\count299
\Fld@listcount=\count300
\c@bookmark@seq@number=\count301

(C:\Users\kasyf\AppData\Local\Programs\MiKTeX\tex/latex/rerunfilecheck\rerunfil
echeck.sty
Package: rerunfilecheck 2025-06-21 v1.11 Rerun checks for auxiliary files (HO)

(C:\Users\kasyf\AppData\Local\Programs\MiKTeX\tex/generic/uniquecounter\uniquec
ounter.sty
Package: uniquecounter 2019/12/15 v1.4 Provide unlimited unique counter (HO)
)
Package uniquecounter Info: New unique counter `rerunfilecheck' on input line 2
84.
)
\Hy@SectionHShift=\skip50
)
(C:\Users\kasyf\AppData\Local\Programs\MiKTeX\tex/latex/titlesec\titlesec.sty
Package: titlesec 2025/01/04 v2.17 Sectioning titles
\ttl@box=\box53
\beforetitleunit=\skip51
\aftertitleunit=\skip52
\ttl@plus=\dimen167
\ttl@minus=\dimen168
\ttl@toksa=\toks22
\titlewidth=\dimen169
\titlewidthlast=\dimen170
\titlewidthfirst=\dimen171
)
(C:\Users\kasyf\AppData\Local\Programs\MiKTeX\tex/latex/tocloft\tocloft.sty
Package: tocloft 2017/08/31 v2.3i parameterised ToC, etc., typesetting
Package tocloft Info: The document has chapter divisions on input line 51.
\cftparskip=\skip53
\cftbeforetoctitleskip=\skip54
\cftaftertoctitleskip=\skip55
\cftbeforepartskip=\skip56
\cftpartnumwidth=\skip57
\cftpartindent=\skip58
\cftbeforechapskip=\skip59
\cftchapindent=\skip60
\cftchapnumwidth=\skip61
\cftbeforesecskip=\skip62
\cftsecindent=\skip63
\cftsecnumwidth=\skip64
\cftbeforesubsecskip=\skip65
\cftsubsecindent=\skip66
\cftsubsecnumwidth=\skip67
\cftbeforesubsubsecskip=\skip68
\cftsubsubsecindent=\skip69
\cftsubsubsecnumwidth=\skip70
\cftbeforeparaskip=\skip71
\cftparaindent=\skip72
\cftparanumwidth=\skip73
\cftbeforesubparaskip=\skip74
\cftsubparaindent=\skip75
\cftsubparanumwidth=\skip76
\cftbeforeloftitleskip=\skip77
\cftafterloftitleskip=\skip78
\cftbeforefigskip=\skip79
\cftfigindent=\skip80
\cftfignumwidth=\skip81
\c@lofdepth=\count302
\c@lotdepth=\count303
\cftbeforelottitleskip=\skip82
\cftafterlottitleskip=\skip83
\cftbeforetabskip=\skip84
\cfttabindent=\skip85
\cfttabnumwidth=\skip86
)
(C:\Users\kasyf\AppData\Local\Programs\MiKTeX\tex/latex/lipsum\lipsum.sty
(C:\Users\kasyf\AppData\Local\Programs\MiKTeX\tex/latex/l3packages/l3keys2e\l3k
eys2e.sty
Package: l3keys2e 2023-10-10 LaTeX2e option processing using LaTeX3 keys
)
Package: lipsum 2021-09-20 v2.7 150 paragraphs of Lorem Ipsum dummy text
\g__lipsum_par_int=\count304
\l__lipsum_a_int=\count305
\l__lipsum_b_int=\count306

(C:\Users\kasyf\AppData\Local\Programs\MiKTeX\tex/latex/lipsum\lipsum.ltd.tex))
(C:\Users\kasyf\AppData\Local\Programs\MiKTeX\tex/latex/floatrow\floatrow.sty
Package: floatrow 2008/08/02 v0.3b floatrow: float package extension
\c@float@type=\count307
\float@exts=\toks23
\float@box=\box54
\@floatcapt=\box55
Package floatrow Info: Modified float package code loaded on input line 455.
Package floatrow Info: Modified rotfloat package code loaded on input line 473.

\FR@everyfloat=\toks24
\flrow@foot=\insert252
\FB@wd=\dimen172
\FBo@wd=\dimen173
\FBc@wd=\dimen174
\FBo@ht=\skip87
\FBc@ht=\skip88
\FBf@ht=\skip89
\FBo@max=\skip90
\FBc@max=\skip91
\FBf@max=\skip92
\c@FBl@b=\count308
\floatbox@depth=\count309
\c@FRobj=\count310
\c@FRsobj=\count311
\Xhsize=\skip93
\sXhsize=\skip94
\Zhsize=\skip95
\sZhsize=\skip96
\flrow@rowbox=\box56
\FR@Zunitlength=\dimen175
\c@FBcnt=\count312
\FPOScnt=\count313
\LTleft=\skip97
\LTright=\skip98
\LTleft=\skip99
\LTright=\skip100
\flrow@types=\toks25
)
(C:\Users\kasyf\AppData\Local\Programs\MiKTeX\tex/latex/placeins\placeins.sty
Package: placeins 2005/04/18  v 2.2
)
(C:\Users\kasyf\AppData\Local\Programs\MiKTeX\tex/latex/listings\listings.sty
\lst@mode=\count314
\lst@gtempboxa=\box57
\lst@token=\toks26
\lst@length=\count315
\lst@currlwidth=\dimen176
\lst@column=\count316
\lst@pos=\count317
\lst@lostspace=\dimen177
\lst@width=\dimen178
\lst@newlines=\count318
\lst@lineno=\count319
\lst@maxwidth=\dimen179

(C:\Users\kasyf\AppData\Local\Programs\MiKTeX\tex/latex/listings\lstmisc.sty
File: lstmisc.sty 2023/02/27 1.9 (Carsten Heinz)
\c@lstnumber=\count320
\lst@skipnumbers=\count321
\lst@framebox=\box58
)
(C:\Users\kasyf\AppData\Local\Programs\MiKTeX\tex/latex/listings\listings.cfg
File: listings.cfg 2023/02/27 1.9 listings configuration
))
Package: listings 2023/02/27 1.9 (Carsten Heinz)
(C:\Users\kasyf\AppData\Local\Programs\MiKTeX\tex/latex/amsmath\amsmath.sty
Package: amsmath 2023/05/13 v2.17o AMS math features
\@mathmargin=\skip101

For additional information on amsmath, use the `?' option.
(C:\Users\kasyf\AppData\Local\Programs\MiKTeX\tex/latex/amsmath\amstext.sty
Package: amstext 2021/08/26 v2.01 AMS text

(C:\Users\kasyf\AppData\Local\Programs\MiKTeX\tex/latex/amsmath\amsgen.sty
File: amsgen.sty 1999/11/30 v2.0 generic functions
\@emptytoks=\toks27
\ex@=\dimen180
))
(C:\Users\kasyf\AppData\Local\Programs\MiKTeX\tex/latex/amsmath\amsbsy.sty
Package: amsbsy 1999/11/29 v1.2d Bold Symbols
\pmbraise@=\dimen181
)
(C:\Users\kasyf\AppData\Local\Programs\MiKTeX\tex/latex/amsmath\amsopn.sty
Package: amsopn 2022/04/08 v2.04 operator names
)
\inf@bad=\count322
LaTeX Info: Redefining \frac on input line 234.
\uproot@=\count323
\leftroot@=\count324
LaTeX Info: Redefining \overline on input line 399.
LaTeX Info: Redefining \colon on input line 410.
\classnum@=\count325
\DOTSCASE@=\count326
LaTeX Info: Redefining \ldots on input line 496.
LaTeX Info: Redefining \dots on input line 499.
LaTeX Info: Redefining \cdots on input line 620.
\Mathstrutbox@=\box59
\strutbox@=\box60
LaTeX Info: Redefining \big on input line 722.
LaTeX Info: Redefining \Big on input line 723.
LaTeX Info: Redefining \bigg on input line 724.
LaTeX Info: Redefining \Bigg on input line 725.
\big@size=\dimen182
LaTeX Font Info:    Redeclaring font encoding OML on input line 743.
LaTeX Font Info:    Redeclaring font encoding OMS on input line 744.
\macc@depth=\count327
LaTeX Info: Redefining \bmod on input line 905.
LaTeX Info: Redefining \pmod on input line 910.
LaTeX Info: Redefining \smash on input line 940.
LaTeX Info: Redefining \relbar on input line 970.
LaTeX Info: Redefining \Relbar on input line 971.
\c@MaxMatrixCols=\count328
\dotsspace@=\muskip17
\c@parentequation=\count329
\dspbrk@lvl=\count330
\tag@help=\toks28
\row@=\count331
\column@=\count332
\maxfields@=\count333
\andhelp@=\toks29
\eqnshift@=\dimen183
\alignsep@=\dimen184
\tagshift@=\dimen185
\tagwidth@=\dimen186
\totwidth@=\dimen187
\lineht@=\dimen188
\@envbody=\toks30
\multlinegap=\skip102
\multlinetaggap=\skip103
\mathdisplay@stack=\toks31
LaTeX Info: Redefining \[ on input line 2953.
LaTeX Info: Redefining \] on input line 2954.
)
(C:\Users\kasyf\AppData\Local\Programs\MiKTeX\tex/latex/amsfonts\amssymb.sty
Package: amssymb 2013/01/14 v3.01 AMS font symbols

(C:\Users\kasyf\AppData\Local\Programs\MiKTeX\tex/latex/amsfonts\amsfonts.sty
Package: amsfonts 2013/01/14 v3.01 Basic AMSFonts support
\symAMSa=\mathgroup4
\symAMSb=\mathgroup5
LaTeX Font Info:    Redeclaring math symbol \hbar on input line 98.
LaTeX Font Info:    Overwriting math alphabet `\mathfrak' in version `bold'
(Font)                  U/euf/m/n --> U/euf/b/n on input line 106.
)) (C:\Users\kasyf\AppData\Local\Programs\MiKTeX\tex/latex/enumitem\enumitem.st
y
Package: enumitem 2025/02/06 v3.11 Customized lists
\labelindent=\skip104
\enit@outerparindent=\dimen189
\enit@toks=\toks32
\enit@inbox=\box61
\enit@count@id=\count334
\enitdp@description=\count335
) (C:\Users\kasyf\AppData\Local\Programs\MiKTeX\tex/latex/parskip\parskip.sty
Package: parskip 2021-03-14 v2.0h non-zero parskip adjustments
)
(C:\Users\kasyf\AppData\Local\Programs\MiKTeX\tex/latex/tools\longtable.sty
Package: longtable 2023-11-01 v4.19 Multi-page Table package (DPC)
\LTleft=\skip105
\LTright=\skip106
\LTpre=\skip107
\LTpost=\skip108
\LTchunksize=\count336
\LTcapwidth=\dimen190
\LT@head=\box62
\LT@firsthead=\box63
\LT@foot=\box64
\LT@lastfoot=\box65
\LT@gbox=\box66
\LT@cols=\count337
\LT@rows=\count338
\c@LT@tables=\count339
\c@LT@chunks=\count340
\LT@p@ftn=\toks33
)
(C:\Users\kasyf\AppData\Local\Programs\MiKTeX\tex/latex/booktabs\booktabs.sty
Package: booktabs 2020/01/12 v1.61803398 Publication quality tables
\heavyrulewidth=\dimen191
\lightrulewidth=\dimen192
\cmidrulewidth=\dimen193
\belowrulesep=\dimen194
\belowbottomsep=\dimen195
\aboverulesep=\dimen196
\abovetopsep=\dimen197
\cmidrulesep=\dimen198
\cmidrulekern=\dimen199
\defaultaddspace=\dimen256
\@cmidla=\count341
\@cmidlb=\count342
\@aboverulesep=\dimen257
\@belowrulesep=\dimen258
\@thisruleclass=\count343
\@lastruleclass=\count344
\@thisrulewidth=\dimen259
)
(C:\Users\kasyf\AppData\Local\Programs\MiKTeX\tex/latex/datetime2\datetime2.sty
Package: datetime2 2021/03/21 v1.5.7 (NLCT) date and time formats

(C:\Users\kasyf\AppData\Local\Programs\MiKTeX\tex/latex/tracklang\tracklang.sty
Package: tracklang 2025/03/11 v1.6.6 (NLCT) Track Languages

(C:\Users\kasyf\AppData\Local\Programs\MiKTeX\tex/generic/tracklang\tracklang.t
ex)
Package tracklang Info: Tracking dialect `indonesian' (language `bahasai') on i
nput line 264.
Package tracklang Info: Tracking dialect `indonesian' (language `bahasai') on i
nput line 264.
)
(C:\Users\kasyf\AppData\Local\Programs\MiKTeX\tex/latex/xkeyval\xkeyval.sty
Package: xkeyval 2022/06/16 v2.9 package option processing (HA)

(C:\Users\kasyf\AppData\Local\Programs\MiKTeX\tex/generic/xkeyval\xkeyval.tex
(C:\Users\kasyf\AppData\Local\Programs\MiKTeX\tex/generic/xkeyval\xkvutils.tex
\XKV@toks=\toks34
\XKV@tempa@toks=\toks35
)
\XKV@depth=\count345
File: xkeyval.tex 2014/12/03 v2.7a key=value parser (HA)
))
Package tracklang Info: Tracking dialect `bahasai' (language `bahasai') on inpu
t line 217.

(C:\Users\kasyf\AppData\Local\Programs\MiKTeX\tex/latex/datetime2-bahasai\datet
ime2-bahasai.ldf
File: datetime2-bahasai.ldf 2018/01/10 v1.01
))
(C:\Users\kasyf\AppData\Local\Programs\MiKTeX\tex/latex/biblatex-chicago\biblat
ex-chicago.sty
Package: biblatex-chicago 2022/07/02 v 3.18 biblatex style

(C:\Users\kasyf\AppData\Local\Programs\MiKTeX\tex/latex/xstring\xstring.sty
(C:\Users\kasyf\AppData\Local\Programs\MiKTeX\tex/generic/xstring\xstring.tex
\xs_counta=\count346
\xs_countb=\count347
)
Package: xstring 2023/08/22 v1.86 String manipulations (CT)
) (C:\Users\kasyf\AppData\Local\Programs\MiKTeX\tex/latex/biblatex\biblatex.sty
Package: biblatex 2023/03/05 v3.19 programmable bibliographies (PK/MW)

(C:\Users\kasyf\AppData\Local\Programs\MiKTeX\tex/latex/logreq\logreq.sty
Package: logreq 2010/08/04 v1.0 xml request logger
\lrq@indent=\count348

(C:\Users\kasyf\AppData\Local\Programs\MiKTeX\tex/latex/logreq\logreq.def
File: logreq.def 2010/08/04 v1.0 logreq spec v1.0
))
(C:\Users\kasyf\AppData\Local\Programs\MiKTeX\tex/latex/base\ifthen.sty
Package: ifthen 2022/04/13 v1.1d Standard LaTeX ifthen package (DPC)
)
\c@tabx@nest=\count349
\c@listtotal=\count350
\c@listcount=\count351
\c@liststart=\count352
\c@liststop=\count353
\c@citecount=\count354
\c@citetotal=\count355
\c@multicitecount=\count356
\c@multicitetotal=\count357
\c@instcount=\count358
\c@maxnames=\count359
\c@minnames=\count360
\c@maxitems=\count361
\c@minitems=\count362
\c@citecounter=\count363
\c@maxcitecounter=\count364
\c@savedcitecounter=\count365
\c@uniquelist=\count366
\c@uniquename=\count367
\c@refsection=\count368
\c@refsegment=\count369
\c@maxextratitle=\count370
\c@maxextratitleyear=\count371
\c@maxextraname=\count372
\c@maxextradate=\count373
\c@maxextraalpha=\count374
\c@abbrvpenalty=\count375
\c@highnamepenalty=\count376
\c@lownamepenalty=\count377
\c@maxparens=\count378
\c@parenlevel=\count379
\blx@tempcnta=\count380
\blx@tempcntb=\count381
\blx@tempcntc=\count382
\c@blx@maxsection=\count383
\blx@maxsegment@0=\count384
\blx@notetype=\count385
\blx@parenlevel@text=\count386
\blx@parenlevel@foot=\count387
\blx@sectionciteorder@0=\count388
\blx@sectionciteorderinternal@0=\count389
\blx@entrysetcounter=\count390
\blx@biblioinstance=\count391
\labelnumberwidth=\skip109
\labelalphawidth=\skip110
\biblabelsep=\skip111
\bibitemsep=\skip112
\bibnamesep=\skip113
\bibinitsep=\skip114
\bibparsep=\skip115
\bibhang=\skip116
\blx@bcfin=\read3
\blx@bcfout=\write3
\blx@langwohyphens=\language80
\c@mincomprange=\count392
\c@maxcomprange=\count393
\c@mincompwidth=\count394
Package biblatex Info: Trying to load biblatex default data model...
Package biblatex Info: ... file 'blx-dm.def' found.

(C:\Users\kasyf\AppData\Local\Programs\MiKTeX\tex/latex/biblatex\blx-dm.def
File: blx-dm.def 2023/03/05 v3.19 biblatex localization (PK/MW)
)
Package biblatex Info: Trying to load biblatex style data model...
Package biblatex Info: ... file 'chicago-authordate.dbx' not found.
Package biblatex Info: Trying to load biblatex custom data model...
Package biblatex Info: ... file 'biblatex-dm.cfg' not found.
\c@afterword=\count395
\c@savedafterword=\count396
\c@annotator=\count397
\c@savedannotator=\count398
\c@author=\count399
\c@savedauthor=\count400
\c@bookauthor=\count401
\c@savedbookauthor=\count402
\c@commentator=\count403
\c@savedcommentator=\count404
\c@editor=\count405
\c@savededitor=\count406
\c@editora=\count407
\c@savededitora=\count408
\c@editorb=\count409
\c@savededitorb=\count410
\c@editorc=\count411
\c@savededitorc=\count412
\c@foreword=\count413
\c@savedforeword=\count414
\c@holder=\count415
\c@savedholder=\count416
\c@introduction=\count417
\c@savedintroduction=\count418
\c@namea=\count419
\c@savednamea=\count420
\c@nameb=\count421
\c@savednameb=\count422
\c@namec=\count423
\c@savednamec=\count424
\c@translator=\count425
\c@savedtranslator=\count426
\c@shortauthor=\count427
\c@savedshortauthor=\count428
\c@shorteditor=\count429
\c@savedshorteditor=\count430
\c@labelname=\count431
\c@savedlabelname=\count432
\c@institution=\count433
\c@savedinstitution=\count434
\c@lista=\count435
\c@savedlista=\count436
\c@listb=\count437
\c@savedlistb=\count438
\c@listc=\count439
\c@savedlistc=\count440
\c@listd=\count441
\c@savedlistd=\count442
\c@liste=\count443
\c@savedliste=\count444
\c@listf=\count445
\c@savedlistf=\count446
\c@location=\count447
\c@savedlocation=\count448
\c@organization=\count449
\c@savedorganization=\count450
\c@origlocation=\count451
\c@savedoriglocation=\count452
\c@origpublisher=\count453
\c@savedorigpublisher=\count454
\c@publisher=\count455
\c@savedpublisher=\count456
\c@language=\count457
\c@savedlanguage=\count458
\c@origlanguage=\count459
\c@savedoriglanguage=\count460
\c@pageref=\count461
\c@savedpageref=\count462
\shorthandwidth=\skip117
\shortjournalwidth=\skip118
\shortserieswidth=\skip119
\shorttitlewidth=\skip120
\shortauthorwidth=\skip121
\shorteditorwidth=\skip122
\locallabelnumberwidth=\skip123
\locallabelalphawidth=\skip124
\localshorthandwidth=\skip125
\localshortjournalwidth=\skip126
\localshortserieswidth=\skip127
\localshorttitlewidth=\skip128
\localshortauthorwidth=\skip129
\localshorteditorwidth=\skip130
Package biblatex Info: Trying to load enhanced support for Unicode engines...
Package biblatex Info: ... file 'blx-unicode.def' found.

(C:\Users\kasyf\AppData\Local\Programs\MiKTeX\tex/latex/biblatex\blx-unicode.de
f)
Package biblatex Info: Trying to load compatibility code...
Package biblatex Info: ... file 'blx-compat.def' found.

(C:\Users\kasyf\AppData\Local\Programs\MiKTeX\tex/latex/biblatex\blx-compat.def
File: blx-compat.def 2023/03/05 v3.19 biblatex compatibility (PK/MW)
)
Package biblatex Info: Trying to load generic definitions...
Package biblatex Info: ... file 'biblatex.def' found.
 (C:\Users\kasyf\AppData\Local\Programs\MiKTeX\tex/latex/biblatex\biblatex.def
File: biblatex.def 2023/03/05 v3.19 biblatex compatibility (PK/MW)
\c@textcitecount=\count463
\c@textcitetotal=\count464
\c@textcitemaxnames=\count465
\c@biburlbigbreakpenalty=\count466
\c@biburlbreakpenalty=\count467
\c@biburlnumpenalty=\count468
\c@biburlucpenalty=\count469
\c@biburllcpenalty=\count470
\biburlbigskip=\muskip18
\biburlnumskip=\muskip19
\biburlucskip=\muskip20
\biburllcskip=\muskip21
\c@smartand=\count471
)
Package biblatex Info: Trying to load bibliography style 'chicago-authordate'..
.
Package biblatex Info: ... file 'chicago-authordate.bbx' found.

(C:\Users\kasyf\AppData\Local\Programs\MiKTeX\tex/latex/biblatex-chicago\chicag
o-authordate.bbx
File: chicago-authordate.bbx 2022/11/17 v 3.18b biblatex bibliography style
\lositemsep=\skip131
Package biblatex Info: Delimiter 'revsdnamedelim' in context '' already defined
, overwriting.
\cms@tempcnta=\count472
\cms@tempcntb=\count473
\c@bbx:relatedcount=\count474
\c@bbx:relatedtotal=\count475
)
Package biblatex Info: Trying to load citation style 'chicago-authordate'...
Package biblatex Info: ... file 'chicago-authordate.cbx' found.

(C:\Users\kasyf\AppData\Local\Programs\MiKTeX\tex/latex/biblatex-chicago\chicag
o-authordate.cbx
File: chicago-authordate.cbx 2022/07/02 v 3.18 biblatex citation style
Package biblatex Info: Trying to load citation style 'chicago-dates-common'...
Package biblatex Info: ... file 'chicago-dates-common.cbx' found.

(C:\Users\kasyf\AppData\Local\Programs\MiKTeX\tex/latex/biblatex-chicago\chicag
o-dates-common.cbx
File: chicago-dates-common.cbx 2024/04/15 v 3.20 biblatex citation style
Package biblatex Info: Redefining '\cite'.
Package biblatex Info: Redefining '\parencite'.
Package biblatex Info: Redefining '\footcite'.
Package biblatex Info: Redefining '\footcitetext'.
Package biblatex Info: Redefining '\citetitle'.
Package biblatex Info: Redefining '\footfullcite'.
Package biblatex Info: Redefining '\fullcite'.
Package biblatex Info: Redefining '\textcite'.
Package biblatex Info: Redefining '\textcites'.
Package biblatex Info: Redefining '\cites'.
Package biblatex Info: Redefining '\parencites'.
Package biblatex Info: Redefining '\footcites'.
Package biblatex Info: Redefining '\footcitetexts'.
\c@cms@punct=\count476
Package biblatex Info: Delimiter 'dateeradelim' in context '' already defined, 
overwriting.
))
Package biblatex Info: Trying to load configuration file...
Package biblatex Info: ... file 'biblatex.cfg' found.

(C:\Users\kasyf\AppData\Local\Programs\MiKTeX\tex/latex/biblatex\biblatex.cfg
File: biblatex.cfg 
)
Package biblatex Info: XeTeX detected.
(biblatex)             Assuming input encoding 'utf8'.
Package biblatex Info: Document encoding is UTF8 ....
Package biblatex Info: ... and expl3
(biblatex)             2024-01-04 L3 programming layer (loader) 
(biblatex)             is new enough (at least 2020/04/06),
(biblatex)             setting 'casechanger=expl3'.

(C:\Users\kasyf\AppData\Local\Programs\MiKTeX\tex/latex/biblatex\blx-case-expl3
.sty
Package: blx-case-expl3 2023/03/05 v3.19 expl3 case changing code for biblatex
)))
Package hyperref Info: Option `colorlinks' set `true' on input line 161.
Package csquotes Info: Checking for multilingual support...
Package csquotes Info: ... found 'babel' package.
Package csquotes Info: Adjusting default style.


Package csquotes Warning: No style for language 'indonesian'.
(csquotes)                Using fallback style on input line 202.

Package csquotes Info: Redefining alias 'default' -> 'fallback'.
(ProposalTA.aux
(C:\Users\kasyf\AppData\Local\Programs\MiKTeX\tex/generic/babel/locale/en\babel
-english.tex
Package babel Info: Importing basic data for english
(babel)             from babel-en.ini. Reported on input line 11.
))
\openout1 = `ProposalTA.aux'.

LaTeX Font Info:    Checking defaults for OML/cmm/m/it on input line 202.
LaTeX Font Info:    ... okay on input line 202.
LaTeX Font Info:    Checking defaults for OMS/cmsy/m/n on input line 202.
LaTeX Font Info:    ... okay on input line 202.
LaTeX Font Info:    Checking defaults for OT1/cmr/m/n on input line 202.
LaTeX Font Info:    ... okay on input line 202.
LaTeX Font Info:    Checking defaults for T1/cmr/m/n on input line 202.
LaTeX Font Info:    ... okay on input line 202.
LaTeX Font Info:    Checking defaults for TS1/cmr/m/n on input line 202.
LaTeX Font Info:    Trying to load font information for TS1+cmr on input line 2
02.

(C:\Users\kasyf\AppData\Local\Programs\MiKTeX\tex/latex/base\ts1cmr.fd
File: ts1cmr.fd 2023/04/13 v2.5m Standard LaTeX font definitions
)
LaTeX Font Info:    ... okay on input line 202.
LaTeX Font Info:    Checking defaults for TU/lmr/m/n on input line 202.
LaTeX Font Info:    ... okay on input line 202.
LaTeX Font Info:    Checking defaults for OMX/cmex/m/n on input line 202.
LaTeX Font Info:    ... okay on input line 202.
LaTeX Font Info:    Checking defaults for U/cmr/m/n on input line 202.
LaTeX Font Info:    ... okay on input line 202.
LaTeX Font Info:    Checking defaults for PD1/pdf/m/n on input line 202.
LaTeX Font Info:    ... okay on input line 202.
LaTeX Font Info:    Checking defaults for PU/pdf/m/n on input line 202.
LaTeX Font Info:    ... okay on input line 202.

Package fontspec Info: Adjusting the maths setup (use [no-math] to avoid
(fontspec)             this).

\symlegacymaths=\mathgroup6
LaTeX Font Info:    Overwriting symbol font `legacymaths' in version `bold'
(Font)                  OT1/cmr/m/n --> OT1/cmr/bx/n on input line 202.
LaTeX Font Info:    Redeclaring math accent \acute on input line 202.
LaTeX Font Info:    Redeclaring math accent \grave on input line 202.
LaTeX Font Info:    Redeclaring math accent \ddot on input line 202.
LaTeX Font Info:    Redeclaring math accent \tilde on input line 202.
LaTeX Font Info:    Redeclaring math accent \bar on input line 202.
LaTeX Font Info:    Redeclaring math accent \breve on input line 202.
LaTeX Font Info:    Redeclaring math accent \check on input line 202.
LaTeX Font Info:    Redeclaring math accent \hat on input line 202.
LaTeX Font Info:    Redeclaring math accent \dot on input line 202.
LaTeX Font Info:    Redeclaring math accent \mathring on input line 202.
LaTeX Font Info:    Redeclaring math symbol \Gamma on input line 202.
LaTeX Font Info:    Redeclaring math symbol \Delta on input line 202.
LaTeX Font Info:    Redeclaring math symbol \Theta on input line 202.
LaTeX Font Info:    Redeclaring math symbol \Lambda on input line 202.
LaTeX Font Info:    Redeclaring math symbol \Xi on input line 202.
LaTeX Font Info:    Redeclaring math symbol \Pi on input line 202.
LaTeX Font Info:    Redeclaring math symbol \Sigma on input line 202.
LaTeX Font Info:    Redeclaring math symbol \Upsilon on input line 202.
LaTeX Font Info:    Redeclaring math symbol \Phi on input line 202.
LaTeX Font Info:    Redeclaring math symbol \Psi on input line 202.
LaTeX Font Info:    Redeclaring math symbol \Omega on input line 202.
LaTeX Font Info:    Redeclaring math symbol \mathdollar on input line 202.
LaTeX Font Info:    Redeclaring symbol font `operators' on input line 202.
LaTeX Font Info:    Encoding `OT1' has changed to `TU' for symbol font
(Font)              `operators' in the math version `normal' on input line 202.

LaTeX Font Info:    Overwriting symbol font `operators' in version `normal'
(Font)                  OT1/cmr/m/n --> TU/TimesNewRoman(0)/m/n on input line 2
02.
LaTeX Font Info:    Encoding `OT1' has changed to `TU' for symbol font
(Font)              `operators' in the math version `bold' on input line 202.
LaTeX Font Info:    Overwriting symbol font `operators' in version `bold'
(Font)                  OT1/cmr/bx/n --> TU/TimesNewRoman(0)/m/n on input line 
202.
LaTeX Font Info:    Overwriting symbol font `operators' in version `normal'
(Font)                  TU/TimesNewRoman(0)/m/n --> TU/TimesNewRoman(0)/m/n on 
input line 202.
LaTeX Font Info:    Overwriting math alphabet `\mathit' in version `normal'
(Font)                  OT1/cmr/m/it --> TU/TimesNewRoman(0)/m/it on input line
 202.
LaTeX Font Info:    Overwriting math alphabet `\mathbf' in version `normal'
(Font)                  OT1/cmr/bx/n --> TU/TimesNewRoman(0)/b/n on input line 
202.
LaTeX Font Info:    Overwriting math alphabet `\mathsf' in version `normal'
(Font)                  OT1/cmss/m/n --> TU/lmss/m/n on input line 202.
LaTeX Font Info:    Overwriting math alphabet `\mathtt' in version `normal'
(Font)                  OT1/cmtt/m/n --> TU/lmtt/m/n on input line 202.
LaTeX Font Info:    Overwriting symbol font `operators' in version `bold'
(Font)                  TU/TimesNewRoman(0)/m/n --> TU/TimesNewRoman(0)/b/n on 
input line 202.
LaTeX Font Info:    Overwriting math alphabet `\mathit' in version `bold'
(Font)                  OT1/cmr/bx/it --> TU/TimesNewRoman(0)/b/it on input lin
e 202.
LaTeX Font Info:    Overwriting math alphabet `\mathsf' in version `bold'
(Font)                  OT1/cmss/bx/n --> TU/lmss/b/n on input line 202.
LaTeX Font Info:    Overwriting math alphabet `\mathtt' in version `bold'
(Font)                  OT1/cmtt/m/n --> TU/lmtt/b/n on input line 202.

*geometry* driver: auto-detecting
*geometry* detected driver: xetex
*geometry* verbose mode - [ preamble ] result:
* driver: xetex
* paper: a4paper
* layout: <same size as paper>
* layoutoffset:(h,v)=(0.0pt,0.0pt)
* modes: 
* h-part:(L,W,R)=(113.81102pt, 398.3386pt, 85.35826pt)
* v-part:(T,H,B)=(85.35826pt, 674.33032pt, 85.35826pt)
* \paperwidth=597.50787pt
* \paperheight=845.04684pt
* \textwidth=398.3386pt
* \textheight=674.33032pt
* \oddsidemargin=41.54103pt
* \evensidemargin=41.54103pt
* \topmargin=-18.78552pt
* \headheight=12.0pt
* \headsep=19.8738pt
* \topskip=12.0pt
* \footskip=30.0pt
* \marginparwidth=38.0pt
* \marginparsep=7.0pt
* \columnsep=10.0pt
* \skip\footins=10.8pt plus 4.0pt minus 2.0pt
* \hoffset=0.0pt
* \voffset=0.0pt
* \mag=1000
* \@twocolumnfalse
* \@twosidefalse
* \@mparswitchfalse
* \@reversemarginfalse
* (1in=72.27pt=25.4mm, 1cm=28.453pt)

Package caption Info: Begin \AtBeginDocument code.
Package caption Info: float package is loaded.
Package caption Info: floatrow package is loaded.
Package caption Info: floatrow package is loaded.
Package caption Info: hyperref package is loaded.
Package caption Info: listings package is loaded.
Package caption Info: longtable package is loaded.
(C:\Users\kasyf\AppData\Local\Programs\MiKTeX\tex/latex/caption\ltcaption.sty
Package: ltcaption 2021/01/08 v1.4c longtable captions (AR)
)
Package caption Info: Fixing longtable code of `floatrow' package.
Package caption Info: End \AtBeginDocument code.

(C:\Users\kasyf\AppData\Local\Programs\MiKTeX\tex/latex/graphics\color.sty
Package: color 2022/01/06 v1.3d Standard LaTeX Color (DPC)

(C:\Users\kasyf\AppData\Local\Programs\MiKTeX\tex/latex/graphics-cfg\color.cfg
File: color.cfg 2016/01/02 v1.6 sample color configuration
)
Package color Info: Driver file: xetex.def on input line 149.
(C:\Users\kasyf\AppData\Local\Programs\MiKTeX\tex/latex/graphics\mathcolor.ltx)
)
Package hyperref Info: Link coloring ON on input line 202.
 (ProposalTA.out) (ProposalTA.out)
\@outlinefile=\write4
\openout4 = `ProposalTA.out'.


(C:\Users\kasyf\AppData\Local\Programs\MiKTeX\tex/latex/floatrow\fr-longtable.s
ty
Package: fr-longtable 2007/11/28 v0.1b (beta) floatrow: additions for longtable

\flrow@LT@lasthead=\box67
\flrow@LT@prelastfoot=\box68
\c@FBLTpage=\count477
)
\c@lstlisting=\count478
Package biblatex Info: Trying to load language 'indonesian'...
Package biblatex Info: ... file 'indonesian.lbx' not found.


Package biblatex Warning: Language 'indonesian' not supported.
(biblatex)                Using dummy definitions on input line 202.

Package biblatex Info: Trying to load language 'english'...
Package biblatex Info: ... file 'english.lbx' found.

(C:\Users\kasyf\AppData\Local\Programs\MiKTeX\tex/latex/biblatex/lbx\english.lb
x
File: english.lbx 2023/03/05 v3.19 biblatex localization (PK/MW)
)
Package biblatex Info: XeTeX detected.
(biblatex)             Assuming input encoding 'utf8'.
Package biblatex Info: Automatic encoding selection.
(biblatex)             Assuming data encoding 'utf8'.
\openout3 = `ProposalTA.bcf'.

Package biblatex Info: Trying to load bibliographic data...
Package biblatex Info: ... file 'ProposalTA.bbl' found.
 (ProposalTA.bbl)
Package biblatex Info: Reference section=0 on input line 202.
Package biblatex Info: Reference segment=0 on input line 202.
File: image/ganesha.jpg Graphic file (type bmp)
<image/ganesha.jpg>


Package datetime2 Warning: Region `bahasai' has ignored 
(datetime2)                the following settings:
(datetime2)                showmonthname=true
 on input line 244.

[1


] [1] (ProposalTA.toc
LaTeX Font Info:    Trying to load font information for U+msa on input line 2.

(C:\Users\kasyf\AppData\Local\Programs\MiKTeX\tex/latex/amsfonts\umsa.fd
File: umsa.fd 2013/01/14 v3.01 AMS symbols A
)
LaTeX Font Info:    Trying to load font information for U+msb on input line 2.

(C:\Users\kasyf\AppData\Local\Programs\MiKTeX\tex/latex/amsfonts\umsb.fd
File: umsb.fd 2013/01/14 v3.01 AMS symbols B
)
[2

])
\tf@toc=\write5
\openout5 = `ProposalTA.toc'.

 [3] (ProposalTA.lof)
\tf@lof=\write6
\openout6 = `ProposalTA.lof'.

 [4] (ProposalTA.lot)
\tf@lot=\write7
\openout7 = `ProposalTA.lot'.

 [5] (Bab I - Pendahuluan.tex
Bab I.

Overfull \hbox (3.1915pt too wide) in paragraph at lines 13--14
\TU/TimesNewRoman(0)/m/it/12 malware \TU/TimesNewRoman(0)/m/n/12 tradisional ma
sih mengandalkan pencocokan tanda tangan (\TU/TimesNewRoman(0)/m/it/12 signatur
e\TU/TimesNewRoman(0)/m/n/12 ), yang
 []

[1


]
Overfull \hbox (10.98758pt too wide) in paragraph at lines 19--21
\TU/TimesNewRoman(0)/m/it/12 dropper spyware \TU/TimesNewRoman(0)/m/n/12 mode \
TU/TimesNewRoman(0)/m/it/12 stealth \TU/TimesNewRoman(0)/m/n/12 sebagai mekanis
me serangan tahap awal (\TU/TimesNewRoman(0)/m/it/12 initial access\TU/TimesNew
Roman(0)/m/n/12 ).
 []

[2]
Overfull \hbox (2.8743pt too wide) in paragraph at lines 40--41
[]\TU/TimesNewRoman(0)/m/n/12 Hasil eksperimen menunjukkan perbedaan signifikan
 antar produk dalam men-
 []

[3]
File: image/drm.png Graphic file (type bmp)
<image/drm.png>


LaTeX Warning: `h' float specifier changed to `ht'.

[4] [5]) (Bab II - Studi-Literatur.tex [6]
Bab II.
[7

]
Overfull \hbox (11.1661pt too wide) in paragraph at lines 19--20
[]\TU/TimesNewRoman(0)/m/n/12 Mekanisme infeksi \TU/TimesNewRoman(0)/m/it/12 sp
yware \TU/TimesNewRoman(0)/m/n/12 modern semakin canggih, memanfaatkan \TU/Time
sNewRoman(0)/m/it/12 zero-click explo-
 []

[8] [9] [10] [11] [12] [13] [14]) (Bab III - Analisis-Masalah.tex [15]
Bab III.

Overfull \hbox (6.57352pt too wide) in paragraph at lines 13--15
[]\TU/TimesNewRoman(0)/b/n/12 Keterbatasan Deteksi Berbasis Tanda Tangan (Signa
ture-Based Detection) 
 []

[16

]
Overfull \hbox (2.93289pt too wide) in paragraph at lines 19--21
\TU/TimesNewRoman(0)/m/n/12 Meskipun \TU/TimesNewRoman(0)/m/it/12 behavioral an
alysis \TU/TimesNewRoman(0)/m/n/12 dan \TU/TimesNewRoman(0)/m/it/12 heuristics 
\TU/TimesNewRoman(0)/m/n/12 telah dikembangkan untuk meng-
 []


Underfull \hbox (badness 10000) in paragraph at lines 30--30
[]|\TU/TimesNewRoman(0)/b/n/12 Kesenjangan
 []


Overfull \hbox (25.23766pt too wide) in alignment at lines 27--32
 [] [] [] [] 
 []


Underfull \hbox (badness 10000) in paragraph at lines 34--34
[]|\TU/TimesNewRoman(0)/b/n/12 Kesenjangan
 []


Overfull \hbox (25.23766pt too wide) in alignment at lines 32--36
 [] [] [] [] 
 []


Overfull \hbox (25.23766pt too wide) in alignment at lines 36--39
 [] [] [] [] 
 []


Overfull \hbox (25.23766pt too wide) in alignment at lines 39--41
 [] [] [] [] 
 []


Underfull \hbox (badness 2726) in paragraph at lines 42--42
[]|\TU/TimesNewRoman(0)/m/n/12 Bahasa pemro-
 []


Underfull \hbox (badness 3199) in paragraph at lines 42--42
\TU/TimesNewRoman(0)/m/n/12 pada C/C++ atau
 []


Overfull \hbox (1.59972pt too wide) in paragraph at lines 42--42
\TU/TimesNewRoman(0)/m/it/12 Python\TU/TimesNewRoman(0)/m/n/12 /\TU/TimesNewRom
an(0)/m/it/12 PowerShell
 []


Underfull \hbox (badness 10000) in paragraph at lines 42--42
\TU/TimesNewRoman(0)/m/n/12 yang \TU/TimesNewRoman(0)/m/it/12 signature\TU/Time
sNewRoman(0)/m/n/12 -
 []


Underfull \hbox (badness 10000) in paragraph at lines 42--42
\TU/TimesNewRoman(0)/m/it/12 ce \TU/TimesNewRoman(0)/m/n/12 yang rendah,
 []


Underfull \hbox (badness 10000) in paragraph at lines 42--42
\TU/TimesNewRoman(0)/m/n/12 mudah diidenti-
 []


Underfull \hbox (badness 5970) in paragraph at lines 42--42
\TU/TimesNewRoman(0)/m/n/12 fikasi oleh \TU/TimesNewRoman(0)/m/it/12 static
 []


Underfull \hbox (badness 2799) in paragraph at lines 42--43
\TU/TimesNewRoman(0)/m/n/12 ner Rust memiliki re-
 []


Underfull \hbox (badness 10000) in paragraph at lines 43--43
[]|\TU/TimesNewRoman(0)/m/n/12 Operasi \TU/TimesNewRoman(0)/m/it/12 in-
 []


Underfull \hbox (badness 10000) in paragraph at lines 43--43
\TU/TimesNewRoman(0)/m/it/12 memory \TU/TimesNewRoman(0)/m/n/12 dan
 []


Underfull \hbox (badness 4168) in paragraph at lines 43--43
[]|\TU/TimesNewRoman(0)/m/n/12 Deteksi EDR se-
 []


Underfull \hbox (badness 2772) in paragraph at lines 43--43
\TU/TimesNewRoman(0)/m/n/12 artefak disk serta
 []


Underfull \hbox (badness 10000) in paragraph at lines 43--43
[]|\TU/TimesNewRoman(0)/m/n/12 Fokus deteksi
 []


Underfull \hbox (badness 10000) in paragraph at lines 43--43
\TU/TimesNewRoman(0)/m/n/12 membuat \TU/TimesNewRoman(0)/m/it/12 fileless
 []


Underfull \hbox (badness 10000) in paragraph at lines 43--43
\TU/TimesNewRoman(0)/m/it/12 malware \TU/TimesNewRoman(0)/m/n/12 lolos;
 []


Underfull \hbox (badness 10000) in paragraph at lines 43--43
\TU/TimesNewRoman(0)/m/it/12 non-persistent
 []


Underfull \hbox (badness 10000) in paragraph at lines 43--43
\TU/TimesNewRoman(0)/m/n/12 ninggalkan jejak
 []


Underfull \hbox (badness 10000) in paragraph at lines 43--44
\TU/TimesNewRoman(0)/m/it/12 payload delivery\TU/TimesNewRoman(0)/m/n/12 ,
 []


Underfull \hbox (badness 7649) in paragraph at lines 43--44
\TU/TimesNewRoman(0)/m/n/12 menghilangkan artefak
 []


Underfull \hbox (badness 10000) in paragraph at lines 43--44
\TU/TimesNewRoman(0)/m/n/12 disk dan melakukan
 []


Underfull \hbox (badness 10000) in paragraph at lines 43--44
\TU/TimesNewRoman(0)/m/it/12 self-terminate \TU/TimesNewRoman(0)/m/n/12 untuk
 []


Underfull \hbox (badness 1221) in paragraph at lines 43--44
\TU/TimesNewRoman(0)/m/n/12 meminimalkan \TU/TimesNewRoman(0)/m/it/12 forensic
 []


Underfull \hbox (badness 10000) in paragraph at lines 44--44
[]|\TU/TimesNewRoman(0)/m/n/12 Anti-analisis
 []


Underfull \hbox (badness 10000) in paragraph at lines 44--44
[]|\TU/TimesNewRoman(0)/m/it/12 Sandbox \TU/TimesNewRoman(0)/m/n/12 publik
 []


Underfull \hbox (badness 1728) in paragraph at lines 44--44
\TU/TimesNewRoman(0)/m/n/12 kerap gagal men-
 []


Underfull \hbox (badness 10000) in paragraph at lines 44--44
\TU/TimesNewRoman(0)/m/n/12 deteksi \TU/TimesNewRoman(0)/m/it/12 malware
 []


Underfull \hbox (badness 10000) in paragraph at lines 44--44
\TU/TimesNewRoman(0)/m/n/12 yang menunda
 []


Underfull \hbox (badness 10000) in paragraph at lines 44--44
\TU/TimesNewRoman(0)/m/n/12 eksekusi atau
 []


Underfull \hbox (badness 10000) in paragraph at lines 44--44
[]|\TU/TimesNewRoman(0)/m/it/12 Anti-VM\TU/TimesNewRoman(0)/m/n/12 , \TU/TimesN
ewRoman(0)/m/it/12 anti-
 []


Underfull \hbox (badness 10000) in paragraph at lines 44--44
\TU/TimesNewRoman(0)/m/it/12 debug\TU/TimesNewRoman(0)/m/n/12 , \TU/TimesNewRom
an(0)/m/it/12 enviro-
 []


Underfull \hbox (badness 10000) in paragraph at lines 44--44
\TU/TimesNewRoman(0)/m/it/12 nment checking
 []


Underfull \hbox (badness 10000) in paragraph at lines 44--44
\TU/TimesNewRoman(0)/m/n/12 belum dievaluasi
 []


Underfull \hbox (badness 10000) in paragraph at lines 44--44
\TU/TimesNewRoman(0)/m/n/12 secara terinte-
 []


Underfull \hbox (badness 10000) in paragraph at lines 44--44
\TU/TimesNewRoman(0)/m/n/12 grasi dalam satu
 []


Underfull \hbox (badness 2435) in paragraph at lines 44--45
[]|\TU/TimesNewRoman(0)/m/n/12 Mengintegrasikan \TU/TimesNewRoman(0)/m/it/12 an
ti-
 []


Underfull \hbox (badness 3281) in paragraph at lines 44--45
\TU/TimesNewRoman(0)/m/it/12 VM \TU/TimesNewRoman(0)/m/n/12 (pemeriksaan \TU/Ti
mesNewRoman(0)/m/it/12 dri-
 []


Underfull \hbox (badness 4765) in paragraph at lines 44--45
\TU/TimesNewRoman(0)/m/it/12 debugging \TU/TimesNewRoman(0)/m/n/12 (pemeriksa-
 []


Underfull \hbox (badness 1189) in paragraph at lines 45--45
\TU/TimesNewRoman(0)/m/it/12 ple evasion te-
 []


Underfull \hbox (badness 10000) in paragraph at lines 45--45
[]|\TU/TimesNewRoman(0)/m/n/12 Penelitian sebe-
 []


Underfull \hbox (badness 10000) in paragraph at lines 45--45
\TU/TimesNewRoman(0)/m/n/12 lumnya meng-
 []


Underfull \hbox (badness 10000) in paragraph at lines 45--45
\TU/TimesNewRoman(0)/m/n/12 evaluasi teknik
 []


Underfull \hbox (badness 10000) in paragraph at lines 45--45
\TU/TimesNewRoman(0)/m/it/12 evasion \TU/TimesNewRoman(0)/m/n/12 secara
 []


Underfull \hbox (badness 10000) in paragraph at lines 45--45
\TU/TimesNewRoman(0)/m/n/12 individual atau
 []


Underfull \hbox (badness 2080) in paragraph at lines 45--46
[]|\TU/TimesNewRoman(0)/m/n/12 Mengembangkan \TU/TimesNewRoman(0)/m/it/12 drop-

 []


Underfull \hbox (badness 1389) in paragraph at lines 45--46
\TU/TimesNewRoman(0)/m/it/12 per \TU/TimesNewRoman(0)/m/n/12 dengan minimal 5
 []


Underfull \hbox (badness 3029) in paragraph at lines 45--46
\TU/TimesNewRoman(0)/m/n/12 teknik \TU/TimesNewRoman(0)/m/it/12 evasion \TU/Tim
esNewRoman(0)/m/n/12 terinte-
 []


Underfull \hbox (badness 10000) in paragraph at lines 46--46
[]|\TU/TimesNewRoman(0)/m/n/12 Evaluasi
 []


Underfull \hbox (badness 10000) in paragraph at lines 46--46
\TU/TimesNewRoman(0)/m/n/12 komparatif
 []


Underfull \hbox (badness 10000) in paragraph at lines 46--46
[]|\TU/TimesNewRoman(0)/m/n/12 Evaluasi \TU/TimesNewRoman(0)/m/it/12 anti-
 []


Underfull \hbox (badness 10000) in paragraph at lines 46--46
\TU/TimesNewRoman(0)/m/it/12 malware\TU/TimesNewRoman(0)/m/n/12 /EDR
 []


Underfull \hbox (badness 10000) in paragraph at lines 46--46
\TU/TimesNewRoman(0)/m/n/12 belum spesifik
 []


Underfull \hbox (badness 10000) in paragraph at lines 46--46
\TU/TimesNewRoman(0)/m/n/12 terhadap \TU/TimesNewRoman(0)/m/it/12 dropper
 []


Underfull \hbox (badness 10000) in paragraph at lines 46--46
\TU/TimesNewRoman(0)/m/n/12 sebagai \TU/TimesNewRoman(0)/m/it/12 initial
 []


Underfull \hbox (badness 10000) in paragraph at lines 46--47
[]|\TU/TimesNewRoman(0)/m/n/12 Melakukan pengujian
 []


Underfull \hbox (badness 10000) in paragraph at lines 46--47
\TU/TimesNewRoman(0)/m/n/12 komparatif terhadap
 []


Underfull \hbox (badness 10000) in paragraph at lines 46--47
\TU/TimesNewRoman(0)/m/n/12 6+ produk \TU/TimesNewRoman(0)/m/it/12 anti-
 []


Underfull \hbox (badness 10000) in paragraph at lines 46--47
\TU/TimesNewRoman(0)/m/it/12 spyware\TU/TimesNewRoman(0)/m/n/12 /EDR untuk
 []


Overfull \hbox (25.23766pt too wide) in alignment at lines 41--47
 [] [] [] [] 
 []

[17] [18]
Overfull \hbox (3.55399pt too wide) in paragraph at lines 70--71
\TU/TimesNewRoman(0)/m/n/12 Persyaratan fungsional dan non-fungsional diturunka
n dari analisis kesenjangan yang
 []


Overfull \hbox (10.77129pt too wide) in paragraph at lines 76--76
[]|\TU/TimesNewRoman(0)/b/n/12 Keterkaitan
 []


Overfull \hbox (33.77359pt too wide) in alignment at lines 73--78
 [] [] [] [] 
 []


Overfull \hbox (10.77129pt too wide) in paragraph at lines 80--80
[]|\TU/TimesNewRoman(0)/b/n/12 Keterkaitan
 []


Overfull \hbox (33.77359pt too wide) in alignment at lines 78--82
 [] [] [] [] 
 []


Overfull \hbox (33.77359pt too wide) in alignment at lines 82--85
 [] [] [] [] 
 []


Overfull \hbox (33.77359pt too wide) in alignment at lines 85--87
 [] [] [] [] 
 []


Underfull \hbox (badness 10000) in paragraph at lines 88--88
[]|\TU/TimesNewRoman(0)/m/n/12 Eksekusi \TU/TimesNewRoman(0)/m/it/12 payload in
-
 []


Underfull \hbox (badness 10000) in paragraph at lines 89--89
[]|\TU/TimesNewRoman(0)/m/it/12 Self-removal \TU/TimesNewRoman(0)/m/n/12 dan no
n-
 []


Underfull \hbox (badness 10000) in paragraph at lines 89--89
[]|\TU/TimesNewRoman(0)/m/n/12 CTQ-01,
 []


Underfull \hbox (badness 1803) in paragraph at lines 89--90
\TU/TimesNewRoman(0)/m/n/12 ninggalkan entri \TU/TimesNewRoman(0)/m/it/12 persi
stence \TU/TimesNewRoman(0)/m/n/12 seperti
 []


Underfull \hbox (badness 10000) in paragraph at lines 90--90
[]|\TU/TimesNewRoman(0)/m/n/12 CTQ-01,
 []


Underfull \hbox (badness 3158) in paragraph at lines 90--91
[]|\TU/TimesNewRoman(0)/m/it/12 Dropper \TU/TimesNewRoman(0)/m/n/12 membawa \TU
/TimesNewRoman(0)/m/it/12 payload \TU/TimesNewRoman(0)/m/n/12 dalam
 []


Underfull \hbox (badness 10000) in paragraph at lines 91--91
[]|\TU/TimesNewRoman(0)/m/n/12 Pemeriksaan \TU/TimesNewRoman(0)/m/it/12 anti-
 []


Underfull \hbox (badness 7186) in paragraph at lines 91--92
[]|\TU/TimesNewRoman(0)/m/it/12 Dropper \TU/TimesNewRoman(0)/m/n/12 mampu mende
teksi ling-
 []


Underfull \hbox (badness 10000) in paragraph at lines 92--92
[]|\TU/TimesNewRoman(0)/m/n/12 Pemeriksaan \TU/TimesNewRoman(0)/m/it/12 anti-
 []


Underfull \hbox (badness 2343) in paragraph at lines 92--93
\TU/TimesNewRoman(0)/m/n/12 gunaan \TU/TimesNewRoman(0)/m/it/12 debugger tools\
TU/TimesNewRoman(0)/m/n/12 , atau \TU/TimesNewRoman(0)/m/it/12 brea-
 []


Overfull \hbox (33.77359pt too wide) in alignment at lines 87--94
 [] [] [] [] 
 []

[19] [20]
Underfull \hbox (badness 10000) in paragraph at lines 101--101
[]|\TU/TimesNewRoman(0)/b/n/12 Persyaratan Non-
 []


Overfull \hbox (47.99997pt too wide) in alignment at lines 98--103
 [] [] [] [] 
 []


Underfull \hbox (badness 10000) in paragraph at lines 105--105
[]|\TU/TimesNewRoman(0)/b/n/12 Persyaratan Non-
 []


Overfull \hbox (47.99997pt too wide) in alignment at lines 103--107
 [] [] [] [] 
 []


Overfull \hbox (47.99997pt too wide) in alignment at lines 107--110
 [] [] [] [] 
 []


Overfull \hbox (47.99997pt too wide) in alignment at lines 110--112
 [] [] [] [] 
 []


Underfull \hbox (badness 6428) in paragraph at lines 113--114
[]|\TU/TimesNewRoman(0)/m/it/12 Dropper \TU/TimesNewRoman(0)/m/n/12 harus memil
iki resistensi
 []


Underfull \hbox (badness 1377) in paragraph at lines 115--116
[]|\TU/TimesNewRoman(0)/m/it/12 Dropper \TU/TimesNewRoman(0)/m/n/12 harus stabi
l ketika menja-
 []


Overfull \hbox (5.88475pt too wide) in paragraph at lines 116--116
[]|\TU/TimesNewRoman(0)/m/n/12 Kompatibilitas| 
 []


Underfull \hbox (badness 1810) in paragraph at lines 116--117
\TU/TimesNewRoman(0)/m/n/12 memastikan evaluasi pada platform
 []


Overfull \hbox (47.99997pt too wide) in alignment at lines 112--117
 [] [] [] [] 
 []

[21]
Overfull \hbox (0.67703pt too wide) in paragraph at lines 127--129
\TU/TimesNewRoman(0)/m/n/12 Mengukur kemampuan \TU/TimesNewRoman(0)/m/it/12 dro
pper \TU/TimesNewRoman(0)/m/n/12 untuk menghindari deteksi di lingkungan \TU/Ti
mesNewRoman(0)/m/it/12 san-
 []

[22]
Overfull \hbox (0.20242pt too wide) in paragraph at lines 138--139
\TU/TimesNewRoman(0)/m/n/12 Analisis penelitian solusi menitikberatkan pada eva
luasi efektivitas pendekatan yang
 []

[23]
Overfull \hbox (0.66531pt too wide) in paragraph at lines 142--143
\TU/TimesNewRoman(0)/m/n/12 prototipe yang merepresentasikan ancaman tingkat \T
U/TimesNewRoman(0)/m/it/12 advanced \TU/TimesNewRoman(0)/m/n/12 dengan \TU/Time
sNewRoman(0)/m/it/12 integrated eva-
 []


Package hyperref Warning: Difference (2) between bookmark levels is greater 
(hyperref)                than one, level fixed on input line 147.


Overfull \hbox (1.17313pt too wide) in paragraph at lines 149--150
[] []|\TU/TimesNewRoman(0)/b/n/12 III.3.3.0.1 Langkah 1: Normalisasi Matriks Ke
putusan[] \TU/TimesNewRoman(0)/m/n/12 Skor mentah dari ma-
 []

[24]
Underfull \hbox (badness 10000) in paragraph at lines 194--194
[]|\TU/TimesNewRoman(0)/b/n/12 Kode
 []


Underfull \hbox (badness 10000) in paragraph at lines 194--194
\TU/TimesNewRoman(0)/b/n/12 Krite-
 []


Underfull \hbox (badness 10000) in paragraph at lines 198--198
[]|\TU/TimesNewRoman(0)/b/n/12 Kode
 []


Underfull \hbox (badness 10000) in paragraph at lines 198--198
\TU/TimesNewRoman(0)/b/n/12 Krite-
 []


Underfull \hbox (badness 10000) in paragraph at lines 209--209
[]|\TU/TimesNewRoman(0)/m/n/12 Kemudahan Implementasi \TU/TimesNewRoman(0)/m/it
/12 Anti-
 []

[25]
Overfull \hbox (49.93193pt too wide) in alignment at lines 220--225
 [] [] [] 
 []


Overfull \hbox (49.93193pt too wide) in alignment at lines 225--229
 [] [] [] 
 []


Overfull \hbox (49.93193pt too wide) in alignment at lines 229--232
 [] [] [] 
 []


Overfull \hbox (49.93193pt too wide) in alignment at lines 232--234
 [] [] [] 
 []


Overfull \hbox (49.93193pt too wide) in alignment at lines 234--238
 [] [] [] 
 []

) (Bab IV - Desain-Konsep-Solusi.tex [26] [27]
Bab IV.
File: image/before.png Graphic file (type bmp)
<image/before.png>

LaTeX Warning: `h' float specifier changed to `ht'.

[28

] [29]
File: image/after.png Graphic file (type bmp)
<image/after.png>

Overfull \hbox (41.69043pt too wide) in alignment at lines 35--40
 [] [] [] 
 []


Overfull \hbox (41.69043pt too wide) in alignment at lines 40--44
 [] [] [] 
 []


Overfull \hbox (41.69043pt too wide) in alignment at lines 44--47
 [] [] [] 
 []


Overfull \hbox (41.69043pt too wide) in alignment at lines 47--49
 [] [] [] 
 []


Underfull \hbox (badness 10000) in paragraph at lines 50--51
[]|\TU/TimesNewRoman(0)/m/it/12 Execution flow \TU/TimesNewRoman(0)/m/n/12 ter-
\TU/TimesNewRoman(0)/m/it/12 instrumentasi
 []


Underfull \hbox (badness 1924) in paragraph at lines 50--51
\TU/TimesNewRoman(0)/m/n/12 dengan \TU/TimesNewRoman(0)/m/it/12 full visibility
 \TU/TimesNewRoman(0)/m/n/12 pada setiap
 []


Underfull \hbox (badness 10000) in paragraph at lines 50--51
\TU/TimesNewRoman(0)/m/n/12 tahap dari \TU/TimesNewRoman(0)/m/it/12 initializat
ion \TU/TimesNewRoman(0)/m/n/12 hingga
 []


Underfull \hbox (badness 10000) in paragraph at lines 51--51
[]|\TU/TimesNewRoman(0)/m/n/12 Jenis Malware
 []


Underfull \hbox (badness 1484) in paragraph at lines 52--53
\TU/TimesNewRoman(0)/m/it/12 vironment \TU/TimesNewRoman(0)/m/n/12 dan \TU/Time
sNewRoman(0)/m/it/12 predictable condi-
 []


Underfull \hbox (badness 1303) in paragraph at lines 53--54
\TU/TimesNewRoman(0)/m/n/12 lalui Sysmon, \TU/TimesNewRoman(0)/m/it/12 anti-mal
ware logs\TU/TimesNewRoman(0)/m/n/12 ,
 []


Underfull \hbox (badness 10000) in paragraph at lines 54--55
[]|\TU/TimesNewRoman(0)/m/it/12 Comprehensive\TU/TimesNewRoman(0)/m/n/12 , pene
liti dapat
 []


Underfull \hbox (badness 10000) in paragraph at lines 54--55
\TU/TimesNewRoman(0)/m/n/12 mengidentifikasi tahap eksekusi
 []


Underfull \hbox (badness 10000) in paragraph at lines 54--55
\TU/TimesNewRoman(0)/m/n/12 spesifik mana yang terdeteksi
 []


Underfull \hbox (badness 10000) in paragraph at lines 54--55
\TU/TimesNewRoman(0)/m/n/12 atau lolos dari setiap produk
 []


Underfull \hbox (badness 1769) in paragraph at lines 55--56
\TU/TimesNewRoman(0)/m/it/12 cts\TU/TimesNewRoman(0)/m/n/12 ) dengan \TU/TimesN
ewRoman(0)/m/it/12 temporal granularity
 []


Overfull \hbox (41.69043pt too wide) in alignment at lines 49--56
 [] [] [] 
 []

[30] [31] [32]
Overfull \hbox (53.69086pt too wide) in alignment at lines 86--91
 [] [] [] [] 
 []


Overfull \hbox (53.69086pt too wide) in alignment at lines 91--95
 [] [] [] [] 
 []


Overfull \hbox (53.69086pt too wide) in alignment at lines 95--98
 [] [] [] [] 
 []


Overfull \hbox (53.69086pt too wide) in alignment at lines 98--100
 [] [] [] [] 
 []


Underfull \hbox (badness 7221) in paragraph at lines 102--102
[]|\TU/TimesNewRoman(0)/m/n/12 Code Unpacking dan
 []


Underfull \hbox (badness 3919) in paragraph at lines 102--103
[]|\TU/TimesNewRoman(0)/m/it/12 Obfuscation bypass\TU/TimesNewRoman(0)/m/n/12 ,

 []


Underfull \hbox (badness 10000) in paragraph at lines 103--104
[]|\TU/TimesNewRoman(0)/m/it/12 Anti-VM\TU/TimesNewRoman(0)/m/n/12 , \TU/TimesN
ewRoman(0)/m/it/12 Anti-
 []


Underfull \hbox (badness 10000) in paragraph at lines 103--104
\TU/TimesNewRoman(0)/m/it/12 Sandbox\TU/TimesNewRoman(0)/m/n/12 , \TU/TimesNewR
oman(0)/m/it/12 Anti-
 []


Underfull \hbox (badness 10000) in paragraph at lines 104--104
[]|\TU/TimesNewRoman(0)/m/n/12 Payload Decryption
 []


Underfull \hbox (badness 2181) in paragraph at lines 104--104
\TU/TimesNewRoman(0)/m/n/12 enkripsi menggunakan AES-256
 []


Underfull \hbox (badness 7081) in paragraph at lines 105--105
[]|\TU/TimesNewRoman(0)/m/n/12 Mengalokasikan memori secara
 []


Underfull \hbox (badness 10000) in paragraph at lines 105--106
[]|\TU/TimesNewRoman(0)/m/it/12 Fileless execution\TU/TimesNewRoman(0)/m/n/12 ,

 []


Underfull \hbox (badness 10000) in paragraph at lines 106--106
[]|\TU/TimesNewRoman(0)/m/n/12 Cleanup dan Self-
 []


Underfull \hbox (badness 10000) in paragraph at lines 106--107
[]|\TU/TimesNewRoman(0)/m/it/12 Non-persistence\TU/TimesNewRoman(0)/m/n/12 ,
 []


Overfull \hbox (53.69086pt too wide) in alignment at lines 100--107
 [] [] [] [] 
 []

[33]
Overfull \hbox (3.03836pt too wide) in paragraph at lines 114--116
[]\TU/TimesNewRoman(0)/m/it/12 Isolasi network \TU/TimesNewRoman(0)/m/n/12 dila
kukan menggunakan \TU/TimesNewRoman(0)/m/it/12 virtual networking \TU/TimesNewR
oman(0)/m/n/12 dengan konfigurasi \TU/TimesNewRoman(0)/m/it/12 host-
 []

[34]
Overfull \hbox (53.0718pt too wide) in alignment at lines 126--131
 [] [] [] 
 []


Overfull \hbox (53.0718pt too wide) in alignment at lines 131--135
 [] [] [] 
 []


Overfull \hbox (53.0718pt too wide) in alignment at lines 135--138
 [] [] [] 
 []


Overfull \hbox (53.0718pt too wide) in alignment at lines 138--140
 [] [] [] 
 []


Underfull \hbox (badness 1365) in paragraph at lines 144--145
[]|\TU/TimesNewRoman(0)/m/n/12 Untuk host OS, Rust \TU/TimesNewRoman(0)/m/it/12
 toolchain\TU/TimesNewRoman(0)/m/n/12 ,
 []


Underfull \hbox (badness 1412) in paragraph at lines 144--145
\TU/TimesNewRoman(0)/m/n/12 VirtualBox atau VMware, guest
 []


Underfull \hbox (badness 4144) in paragraph at lines 146--146
[]|\TU/TimesNewRoman(0)/m/n/12 VirtualBox 7.0 atau lebih atau
 []


Underfull \hbox (badness 2393) in paragraph at lines 149--149
\TU/TimesNewRoman(0)/m/n/12 lebih) atau Windows 11 (Build
 []


Underfull \hbox (badness 3323) in paragraph at lines 152--153
[]|\TU/TimesNewRoman(0)/m/it/12 Space \TU/TimesNewRoman(0)/m/n/12 untuk OS, \TU
/TimesNewRoman(0)/m/it/12 anti-malware\TU/TimesNewRoman(0)/m/n/12 ,
 []


Underfull \hbox (badness 1622) in paragraph at lines 154--155
[]|\TU/TimesNewRoman(0)/m/n/12 Untuk merekam dan mengobse-
 []


Underfull \hbox (badness 1184) in paragraph at lines 158--159
[]|\TU/TimesNewRoman(0)/m/it/12 Alternative anti-malware \TU/TimesNewRoman(0)/m
/n/12 dengan
 []


Underfull \hbox (badness 4013) in paragraph at lines 159--159
[]|\TU/TimesNewRoman(0)/m/n/12 McAfee Personal Security atau
 []


Underfull \hbox (badness 10000) in paragraph at lines 159--160
[]|\TU/TimesNewRoman(0)/m/it/12 Commercial-grade anti-malware
 []


Underfull \hbox (badness 10000) in paragraph at lines 159--160
\TU/TimesNewRoman(0)/m/n/12 dengan \TU/TimesNewRoman(0)/m/it/12 advanced behavi
oral
 []


Underfull \hbox (badness 3503) in paragraph at lines 162--163
[]|\TU/TimesNewRoman(0)/m/n/12 Merekam \TU/TimesNewRoman(0)/m/it/12 process cre
ation\TU/TimesNewRoman(0)/m/n/12 , \TU/TimesNewRoman(0)/m/it/12 file
 []


Underfull \hbox (badness 6944) in paragraph at lines 163--163
[]|\TU/TimesNewRoman(0)/m/it/12 Packet capture tools \TU/TimesNewRoman(0)/m/n/1
2 (\TU/TimesNewRoman(0)/m/it/12 tcpdump
 []


Underfull \hbox (badness 7540) in paragraph at lines 164--165
[]|\TU/TimesNewRoman(0)/m/n/12 Kumpulkan \TU/TimesNewRoman(0)/m/it/12 logs \TU/
TimesNewRoman(0)/m/n/12 dari Sysmon,
 []


Underfull \hbox (badness 2376) in paragraph at lines 165--165
[]|\TU/TimesNewRoman(0)/m/n/12 x64dbg, WinDbg, \TU/TimesNewRoman(0)/m/it/12 str
ings\TU/TimesNewRoman(0)/m/n/12 , IDA
 []


Overfull \hbox (53.0718pt too wide) in alignment at lines 140--166
 [] [] [] 
 []

[35] [36]) (Bab V - Rencana-Selanjutnya.tex [37]
Bab V.

Underfull \hbox (badness 10000) in paragraph at lines 18--19
[]|\TU/TimesNewRoman(0)/b/n/12 Estimasi
 []


Overfull \hbox (19.5472pt too wide) in alignment at lines 15--20
 [] [] [] [] 
 []


Underfull \hbox (badness 10000) in paragraph at lines 22--23
[]|\TU/TimesNewRoman(0)/b/n/12 Estimasi
 []


Overfull \hbox (19.5472pt too wide) in alignment at lines 20--24
 [] [] [] [] 
 []


Overfull \hbox (19.5472pt too wide) in alignment at lines 24--26
 [] [] [] [] 
 []


Overfull \hbox (19.5472pt too wide) in alignment at lines 26--28
 [] [] [] [] 
 []


Underfull \hbox (badness 10000) in paragraph at lines 32--32
[]|\TU/TimesNewRoman(0)/m/n/12 Modul Environment
 []


Underfull \hbox (badness 10000) in paragraph at lines 32--32
[]|\TU/TimesNewRoman(0)/m/n/12 Implementasi anti-VM, anti-
 []


Underfull \hbox (badness 10000) in paragraph at lines 32--32
\TU/TimesNewRoman(0)/m/n/12 sandbox, anti-debug (CPUID,
 []


Underfull \hbox (badness 1163) in paragraph at lines 34--34
[]|\TU/TimesNewRoman(0)/m/n/12 Integrasi C2 Dummy
 []


Underfull \hbox (badness 10000) in paragraph at lines 35--35
[]|\TU/TimesNewRoman(0)/m/n/12 Integrasi, hardening,
 []


Overfull \hbox (19.5472pt too wide) in alignment at lines 28--36
 [] [] [] [] 
 []

[38

]
Overfull \hbox (35.99997pt too wide) in alignment at lines 47--52
 [] [] [] 
 []


Overfull \hbox (35.99997pt too wide) in alignment at lines 52--56
 [] [] [] 
 []


Overfull \hbox (35.99997pt too wide) in alignment at lines 56--58
 [] [] [] 
 []


Overfull \hbox (35.99997pt too wide) in alignment at lines 58--60
 [] [] [] 
 []


Underfull \hbox (badness 3291) in paragraph at lines 62--62
[]|\TU/TimesNewRoman(0)/m/n/12 Laptop/PC dengan minimal
 []


Underfull \hbox (badness 7704) in paragraph at lines 62--63
[]|\TU/TimesNewRoman(0)/m/n/12 Pengembangan dan menjalankan
 []


Underfull \hbox (badness 10000) in paragraph at lines 63--63
[]|\TU/TimesNewRoman(0)/m/n/12 VirtualBox/VMware/Hyper-
 []


Underfull \hbox (badness 10000) in paragraph at lines 64--64
[]|\TU/TimesNewRoman(0)/m/n/12 Bahasa & too-
 []


Underfull \hbox (badness 10000) in paragraph at lines 64--64
[]|\TU/TimesNewRoman(0)/m/n/12 Rust (rustup, cargo, rust-
 []


Underfull \hbox (badness 1490) in paragraph at lines 64--65
[]|\TU/TimesNewRoman(0)/m/n/12 Implementasi dropper dan modul
 []


Underfull \hbox (badness 10000) in paragraph at lines 67--67
[]|\TU/TimesNewRoman(0)/m/n/12 Anti-
 []


Underfull \hbox (badness 10000) in paragraph at lines 68--68
[]|\TU/TimesNewRoman(0)/m/n/12 Sysmon, Procmon, Wire-
 []


Underfull \hbox (badness 2065) in paragraph at lines 68--69
[]|\TU/TimesNewRoman(0)/m/n/12 Observasi perilaku, logging, dan
 []


Overfull \hbox (35.99997pt too wide) in alignment at lines 60--69
 [] [] [] 
 []

[39]
Overfull \hbox (13.85674pt too wide) in alignment at lines 84--89
 [] [] [] [] 
 []


Overfull \hbox (13.85674pt too wide) in alignment at lines 89--93
 [] [] [] [] 
 []


Overfull \hbox (13.85674pt too wide) in alignment at lines 93--95
 [] [] [] [] 
 []


Overfull \hbox (13.85674pt too wide) in alignment at lines 95--97
 [] [] [] [] 
 []


Underfull \hbox (badness 10000) in paragraph at lines 99--99
[]|\TU/TimesNewRoman(0)/m/n/12 Detection Rate
 []


Underfull \hbox (badness 10000) in paragraph at lines 100--100
[]|\TU/TimesNewRoman(0)/m/n/12 Evasion Rate
 []


Underfull \hbox (badness 10000) in paragraph at lines 100--101
[]|\TU/TimesNewRoman(0)/m/n/12 Hasil eksekusi
 []


Underfull \hbox (badness 10000) in paragraph at lines 100--101
\TU/TimesNewRoman(0)/m/n/12 berulang pada
 []


Underfull \hbox (badness 10000) in paragraph at lines 101--101
[]|\TU/TimesNewRoman(0)/m/n/12 Waktu Deteksi
 []


Underfull \hbox (badness 10000) in paragraph at lines 101--102
[]|\TU/TimesNewRoman(0)/m/n/12 Timestamp log
 []


Underfull \hbox (badness 10000) in paragraph at lines 102--102
[]|\TU/TimesNewRoman(0)/m/n/12 Keberhasilan
 []


Underfull \hbox (badness 2460) in paragraph at lines 102--102
\TU/TimesNewRoman(0)/m/n/12 x/debugger yang dihentikan oleh
 []


Underfull \hbox (badness 10000) in paragraph at lines 102--103
[]|\TU/TimesNewRoman(0)/m/n/12 Log internal
 []


Underfull \hbox (badness 2452) in paragraph at lines 102--103
\TU/TimesNewRoman(0)/m/n/12 dropper dan ob-
 []


Underfull \hbox (badness 10000) in paragraph at lines 102--103
\TU/TimesNewRoman(0)/m/n/12 servasi perilaku
 []


Underfull \hbox (badness 10000) in paragraph at lines 103--103
[]|\TU/TimesNewRoman(0)/m/n/12 Stabilitas Ekse-
 []


Underfull \hbox (badness 3058) in paragraph at lines 103--104
[]|\TU/TimesNewRoman(0)/m/n/12 Catatan run dan
 []


Overfull \hbox (13.85674pt too wide) in alignment at lines 97--105
 [] [] [] [] 
 []

[40]
Overfull \hbox (25.23767pt too wide) in alignment at lines 116--121
 [] [] [] [] 
 []


Overfull \hbox (25.23767pt too wide) in alignment at lines 121--125
 [] [] [] [] 
 []


Overfull \hbox (25.23767pt too wide) in alignment at lines 125--127
 [] [] [] [] 
 []


Overfull \hbox (25.23767pt too wide) in alignment at lines 127--129
 [] [] [] [] 
 []


Underfull \hbox (badness 4832) in paragraph at lines 131--131
[]|\TU/TimesNewRoman(0)/m/n/12 CTQ-01 - Payload
 []


Underfull \hbox (badness 3158) in paragraph at lines 132--132
[]|\TU/TimesNewRoman(0)/m/n/12 Biner dropper lolos dari signature-
 []


Underfull \hbox (badness 10000) in paragraph at lines 132--133
\TU/TimesNewRoman(0)/m/n/12 produk ko-
 []


Underfull \hbox (badness 6300) in paragraph at lines 132--133
\TU/TimesNewRoman(0)/m/n/12 mersial tidak
 []


Underfull \hbox (badness 10000) in paragraph at lines 132--133
\TU/TimesNewRoman(0)/m/n/12 mendeteksi
 []


Underfull \hbox (badness 8000) in paragraph at lines 133--133
[]|\TU/TimesNewRoman(0)/m/n/12 CTQ-03 - Enviro-
 []


Underfull \hbox (badness 3029) in paragraph at lines 133--134
[]|$\OML/cmm/m/it/12 > \OT1/cmr/m/n/12 80[]$ \TU/TimesNewRoman(0)/m/n/12 run
 []


Underfull \hbox (badness 10000) in paragraph at lines 133--134
\TU/TimesNewRoman(0)/m/n/12 sis berhenti
 []


Underfull \hbox (badness 10000) in paragraph at lines 133--134
\TU/TimesNewRoman(0)/m/n/12 sebelum pa-
 []


Underfull \hbox (badness 10000) in paragraph at lines 133--134
\TU/TimesNewRoman(0)/m/n/12 yload aktif,
 []


Underfull \hbox (badness 10000) in paragraph at lines 133--134
\TU/TimesNewRoman(0)/m/n/12 dan minimal
 []


Underfull \hbox (badness 10000) in paragraph at lines 133--134
\TU/TimesNewRoman(0)/m/n/12 satu produk
 []


Underfull \hbox (badness 10000) in paragraph at lines 133--134
\TU/TimesNewRoman(0)/m/n/12 terlambat
 []


Underfull \hbox (badness 10000) in paragraph at lines 133--134
\TU/TimesNewRoman(0)/m/n/12 mendeteksi
 []


Underfull \hbox (badness 10000) in paragraph at lines 133--134
\TU/TimesNewRoman(0)/m/n/12 pada VM
 []


Underfull \hbox (badness 10000) in paragraph at lines 134--135
[]|\TU/TimesNewRoman(0)/m/n/12 Keberhasilan
 []


Underfull \hbox (badness 10000) in paragraph at lines 134--135
\TU/TimesNewRoman(0)/m/n/12 eksekusi
 []


Underfull \hbox (badness 1609) in paragraph at lines 134--135
\OMS/cmsy/m/n/12 ^^U \OT1/cmr/m/n/12 95[]$ \TU/TimesNewRoman(0)/m/n/12 dari
 []


Underfull \hbox (badness 10000) in paragraph at lines 135--135
[]|\TU/TimesNewRoman(0)/m/n/12 Minimnya artefak
 []


Underfull \hbox (badness 10000) in paragraph at lines 135--136
[]|\TU/TimesNewRoman(0)/m/n/12 Tidak di-
 []


Underfull \hbox (badness 10000) in paragraph at lines 135--136
\TU/TimesNewRoman(0)/m/n/12 temukan
 []


Underfull \hbox (badness 10000) in paragraph at lines 135--136
\TU/TimesNewRoman(0)/m/n/12 artefak disk
 []


Underfull \hbox (badness 1062) in paragraph at lines 135--136
\TU/TimesNewRoman(0)/m/n/12 pada inspeksi
 []


Overfull \hbox (25.23767pt too wide) in alignment at lines 129--136
 [] [] [] [] 
 []

[41]
Overfull \hbox (56.53589pt too wide) in alignment at lines 147--152
 [] [] [] [] 
 []


Overfull \hbox (56.53589pt too wide) in alignment at lines 152--156
 [] [] [] [] 
 []


Overfull \hbox (56.53589pt too wide) in alignment at lines 156--158
 [] [] [] [] 
 []


Overfull \hbox (56.53589pt too wide) in alignment at lines 158--160
 [] [] [] [] 
 []


Underfull \hbox (badness 10000) in paragraph at lines 162--162
[]|\TU/TimesNewRoman(0)/m/n/12 Implementasi fileless
 []


Underfull \hbox (badness 10000) in paragraph at lines 162--162
[]|\TU/TimesNewRoman(0)/m/n/12 Timeline pengembangan
 []


Underfull \hbox (badness 10000) in paragraph at lines 162--162
\TU/TimesNewRoman(0)/m/n/12 mundur, beberapa FR
 []


Underfull \hbox (badness 10000) in paragraph at lines 163--163
[]|\TU/TimesNewRoman(0)/m/n/12 Deteksi anti-malware
 []


Underfull \hbox (badness 1014) in paragraph at lines 163--163
\TU/TimesNewRoman(0)/m/n/12 terlalu tinggi sehingga
 []


Underfull \hbox (badness 3386) in paragraph at lines 163--163
\TU/TimesNewRoman(0)/m/n/12 tidak merepresentasik-
 []


Underfull \hbox (badness 1776) in paragraph at lines 163--163
\TU/TimesNewRoman(0)/m/n/12 barkan gap deteksi yang
 []


Underfull \hbox (badness 10000) in paragraph at lines 163--164
\TU/TimesNewRoman(0)/m/n/12 anti-analysis sampai biner
 []


Underfull \hbox (badness 2277) in paragraph at lines 164--164
[]|\TU/TimesNewRoman(0)/m/n/12 Lab tidak sepenuhnya
 []


Underfull \hbox (badness 2443) in paragraph at lines 164--164
[]|\TU/TimesNewRoman(0)/m/n/12 Potensi gangguan ke ja-
 []


Underfull \hbox (badness 1087) in paragraph at lines 164--165
\TU/TimesNewRoman(0)/m/n/12 kir akses internet dari VM,
 []


Underfull \hbox (badness 10000) in paragraph at lines 165--165
\TU/TimesNewRoman(0)/m/n/12 banding kompleksitas
 []


Underfull \hbox (badness 1014) in paragraph at lines 165--165
[]|\TU/TimesNewRoman(0)/m/n/12 Beberapa skenario uji ti-
 []


Underfull \hbox (badness 10000) in paragraph at lines 165--166
[]|\TU/TimesNewRoman(0)/m/n/12 Memprioritaskan produk
 []


Underfull \hbox (badness 10000) in paragraph at lines 165--166
\TU/TimesNewRoman(0)/m/n/12 anti-malware yang paling
 []


Underfull \hbox (badness 10000) in paragraph at lines 165--166
\TU/TimesNewRoman(0)/m/n/12 relevan, menyusun jadwal
 []


Underfull \hbox (badness 10000) in paragraph at lines 165--166
\TU/TimesNewRoman(0)/m/n/12 pengujian terstruktur, dan
 []


Underfull \hbox (badness 10000) in paragraph at lines 166--166
[]|\TU/TimesNewRoman(0)/m/n/12 Koordinasi dengan
 []


Underfull \hbox (badness 10000) in paragraph at lines 166--166
\TU/TimesNewRoman(0)/m/n/12 pembimbing tidak
 []


Underfull \hbox (badness 2753) in paragraph at lines 166--166
[]|\TU/TimesNewRoman(0)/m/n/12 Revisi konsep terlambat,
 []


Overfull \hbox (56.53589pt too wide) in alignment at lines 160--167
 [] [] [] [] 
 []

[42]) [43]
Overfull \hbox (12.85976pt too wide) in paragraph at lines 402--402
\TU/TimesNewRoman(0)/m/n/12 threat Intelligence for Security Decision-Making: A
 Review and Research Agenda
 []

[44


]

Package caption Warning: Unused \captionsetup[lstlisting] on input line 382.
See the caption package documentation for explanation.

[45] (ProposalTA.aux)
 ***********
LaTeX2e <2023-11-01> patch level 1
L3 programming layer <2024-01-04>
 ***********


LaTeX Warning: There were undefined references.

Package rerunfilecheck Info: File `ProposalTA.out' has not changed.
(rerunfilecheck)             Checksum: E232AC7BDD1D2B08CE06049364875FE9;10283.

Package biblatex Warning: Please rerun LaTeX.

Package logreq Info: Writing requests to 'ProposalTA.run.xml'.
\openout1 = `ProposalTA.run.xml'.

 ) 
Here is how much of TeX's memory you used:
 31330 strings out of 409617
 613874 string characters out of 5774012
 1965784 words of memory out of 5000000
 53090 multiletter control sequences out of 15000+600000
 563282 words of font info for 81 fonts, out of 8000000 for 9000
 1348 hyphenation exceptions out of 8191
 79i,9n,93p,1317b,6183s stack positions out of 10000i,1000n,20000p,200000b,200000s

Output written on ProposalTA.pdf (51 pages).
